{"meta": {"format": 3, "version": "7.10.7", "timestamp": "2026-04-07T22:18:30.332304", "branch_coverage": false, "show_contexts": false}, "files": {"app/__init__.py": {"executed_lines": [1], "summary": {"covered_lines": 0, "num_statements": 0, "percent_covered": 100.0, "percent_covered_display": "100", "missing_lines": 0, "excluded_lines": 0}, "missing_lines": [], "excluded_lines": [], "functions": {"": {"executed_lines": [1], "summary": {"covered_lines": 0, "num_statements": 0, "percent_covered": 100.0, "percent_covered_display": "100", "missing_lines": 0, "excluded_lines": 0}, "missing_lines": [], "excluded_lines": []}}, "classes": {"": {"executed_lines": [1], "summary": {"covered_lines": 0, "num_statements": 0, "percent_covered": 100.0, "percent_covered_display": "100", "missing_lines": 0, "excluded_lines": 0}, "missing_lines": [], "excluded_lines": []}}}, "app/api/__init__.py": {"executed_lines": [1, 4, 6, 7, 8, 9, 10, 11, 12, 13, 14, 16, 17, 18, 19, 20, 21, 22, 23, 25, 27, 28, 29, 30, 31, 32, 33, 34, 35, 37, 38, 39, 40, 41, 42, 43, 44], "summary": {"covered_lines": 36, "num_statements": 36, "percent_covered": 100.0, "percent_covered_display": "100", "missing_lines": 0, "excluded_lines": 0}, "missing_lines": [], "excluded_lines": [], "functions": {"": {"executed_lines": [1, 4, 6, 7, 8, 9, 10, 11, 12, 13, 14, 16, 17, 18, 19, 20, 21, 22, 23, 25, 27, 28, 29, 30, 31, 32, 33, 34, 35, 37, 38, 39, 40, 41, 42, 43, 44], "summary": {"covered_lines": 36, "num_statements": 36, "percent_covered": 100.0, "percent_covered_display": "100", "missing_lines": 0, "excluded_lines": 0}, "missing_lines": [], "excluded_lines": []}}, "classes": {"": {"executed_lines": [1, 4, 6, 7, 8, 9, 10, 11, 12, 13, 14, 16, 17, 18, 19, 20, 21, 22, 23, 25, 27, 28, 29, 30, 31, 32, 33, 34, 35, 37, 38, 39, 40, 41, 42, 43, 44], "summary": {"covered_lines": 36, "num_statements": 36, "percent_covered": 100.0, "percent_covered_display": "100", "missing_lines": 0, "excluded_lines": 0}, "missing_lines": [], "excluded_lines": []}}}, "app/api/v1/__init__.py": {"executed_lines": [1, 5, 8, 17, 22, 23, 24, 25, 26, 27, 28, 29, 32, 35, 36, 37, 40, 41, 42, 43, 44, 47, 48, 49, 50, 51, 52, 53, 54, 56], "summary": {"covered_lines": 29, "num_statements": 29, "percent_covered": 100.0, "percent_covered_display": "100", "missing_lines": 0, "excluded_lines": 0}, "missing_lines": [], "excluded_lines": [], "functions": {"": {"executed_lines": [1, 5, 8, 17, 22, 23, 24, 25, 26, 27, 28, 29, 32, 35, 36, 37, 40, 41, 42, 43, 44, 47, 48, 49, 50, 51, 52, 53, 54, 56], "summary": {"covered_lines": 29, "num_statements": 29, "percent_covered": 100.0, "percent_covered_display": "100", "missing_lines": 0, "excluded_lines": 0}, "missing_lines": [], "excluded_lines": []}}, "classes": {"": {"executed_lines": [1, 5, 8, 17, 22, 23, 24, 25, 26, 27, 28, 29, 32, 35, 36, 37, 40, 41, 42, 43, 44, 47, 48, 49, 50, 51, 52, 53, 54, 56], "summary": {"covered_lines": 29, "num_statements": 29, "percent_covered": 100.0, "percent_covered_display": "100", "missing_lines": 0, "excluded_lines": 0}, "missing_lines": [], "excluded_lines": []}}}, "app/api/v1/admin/__init__.py": {"executed_lines": [1, 5, 6, 7, 8, 9, 10, 11, 12, 14], "summary": {"covered_lines": 9, "num_statements": 9, "percent_covered": 100.0, "percent_covered_display": "100", "missing_lines": 0, "excluded_lines": 0}, "missing_lines": [], "excluded_lines": [], "functions": {"": {"executed_lines": [1, 5, 6, 7, 8, 9, 10, 11, 12, 14], "summary": {"covered_lines": 9, "num_statements": 9, "percent_covered": 100.0, "percent_covered_display": "100", "missing_lines": 0, "excluded_lines": 0}, "missing_lines": [], "excluded_lines": []}}, "classes": {"": {"executed_lines": [1, 5, 6, 7, 8, 9, 10, 11, 12, 14], "summary": {"covered_lines": 9, "num_statements": 9, "percent_covered": 100.0, "percent_covered_display": "100", "missing_lines": 0, "excluded_lines": 0}, "missing_lines": [], "excluded_lines": []}}}, "app/api/v1/admin/audit.py": {"executed_lines": [1, 4, 6, 7, 9, 10, 11, 12, 14, 17, 18, 48, 49], "summary": {"covered_lines": 12, "num_statements": 21, "percent_covered": 57.142857142857146, "percent_covered_display": "57", "missing_lines": 9, "excluded_lines": 0}, "missing_lines": [32, 33, 40, 57, 58, 60, 61, 62, 64], "excluded_lines": [], "functions": {"list_audit_logs": {"executed_lines": [], "summary": {"covered_lines": 0, "num_statements": 3, "percent_covered": 0.0, "percent_covered_display": "0", "missing_lines": 3, "excluded_lines": 0}, "missing_lines": [32, 33, 40], "excluded_lines": []}, "get_audit_log": {"executed_lines": [], "summary": {"covered_lines": 0, "num_statements": 6, "percent_covered": 0.0, "percent_covered_display": "0", "missing_lines": 6, "excluded_lines": 0}, "missing_lines": [57, 58, 60, 61, 62, 64], "excluded_lines": []}, "": {"executed_lines": [1, 4, 6, 7, 9, 10, 11, 12, 14, 17, 18, 48, 49], "summary": {"covered_lines": 12, "num_statements": 12, "percent_covered": 100.0, "percent_covered_display": "100", "missing_lines": 0, "excluded_lines": 0}, "missing_lines": [], "excluded_lines": []}}, "classes": {"": {"executed_lines": [1, 4, 6, 7, 9, 10, 11, 12, 14, 17, 18, 48, 49], "summary": {"covered_lines": 12, "num_statements": 21, "percent_covered": 57.142857142857146, "percent_covered_display": "57", "missing_lines": 9, "excluded_lines": 0}, "missing_lines": [32, 33, 40, 57, 58, 60, 61, 62, 64], "excluded_lines": []}}}, "app/api/v1/admin/config.py": {"executed_lines": [1, 4, 5, 7, 8, 9, 14, 16, 19, 20, 36, 37], "summary": {"covered_lines": 11, "num_statements": 18, "percent_covered": 61.111111111111114, "percent_covered_display": "61", "missing_lines": 7, "excluded_lines": 0}, "missing_lines": [27, 28, 30, 50, 51, 52, 53], "excluded_lines": [], "functions": {"list_system_configs": {"executed_lines": [], "summary": {"covered_lines": 0, "num_statements": 3, "percent_covered": 0.0, "percent_covered_display": "0", "missing_lines": 3, "excluded_lines": 0}, "missing_lines": [27, 28, 30], "excluded_lines": []}, "update_system_config": {"executed_lines": [], "summary": {"covered_lines": 0, "num_statements": 4, "percent_covered": 0.0, "percent_covered_display": "0", "missing_lines": 4, "excluded_lines": 0}, "missing_lines": [50, 51, 52, 53], "excluded_lines": []}, "": {"executed_lines": [1, 4, 5, 7, 8, 9, 14, 16, 19, 20, 36, 37], "summary": {"covered_lines": 11, "num_statements": 11, "percent_covered": 100.0, "percent_covered_display": "100", "missing_lines": 0, "excluded_lines": 0}, "missing_lines": [], "excluded_lines": []}}, "classes": {"": {"executed_lines": [1, 4, 5, 7, 8, 9, 14, 16, 19, 20, 36, 37], "summary": {"covered_lines": 11, "num_statements": 18, "percent_covered": 61.111111111111114, "percent_covered_display": "61", "missing_lines": 7, "excluded_lines": 0}, "missing_lines": [27, 28, 30, 50, 51, 52, 53], "excluded_lines": []}}}, "app/api/v1/admin/content.py": {"executed_lines": [1, 4, 6, 7, 9, 10, 11, 18, 20, 23, 24, 44, 45, 61, 62, 78, 79, 95, 96, 117, 118], "summary": {"covered_lines": 20, "num_statements": 42, "percent_covered": 47.61904761904762, "percent_covered_display": "48", "missing_lines": 22, "excluded_lines": 0}, "missing_lines": [33, 34, 36, 55, 56, 57, 58, 72, 73, 74, 75, 89, 90, 91, 92, 106, 107, 109, 128, 129, 130, 131], "excluded_lines": [], "functions": {"list_pending_resources": {"executed_lines": [], "summary": {"covered_lines": 0, "num_statements": 3, "percent_covered": 0.0, "percent_covered_display": "0", "missing_lines": 3, "excluded_lines": 0}, "missing_lines": [33, 34, 36], "excluded_lines": []}, "approve_resource": {"executed_lines": [], "summary": {"covered_lines": 0, "num_statements": 4, "percent_covered": 0.0, "percent_covered_display": "0", "missing_lines": 4, "excluded_lines": 0}, "missing_lines": [55, 56, 57, 58], "excluded_lines": []}, "reject_resource": {"executed_lines": [], "summary": {"covered_lines": 0, "num_statements": 4, "percent_covered": 0.0, "percent_covered_display": "0", "missing_lines": 4, "excluded_lines": 0}, "missing_lines": [72, 73, 74, 75], "excluded_lines": []}, "block_resource": {"executed_lines": [], "summary": {"covered_lines": 0, "num_statements": 4, "percent_covered": 0.0, "percent_covered_display": "0", "missing_lines": 4, "excluded_lines": 0}, "missing_lines": [89, 90, 91, 92], "excluded_lines": []}, "list_topics": {"executed_lines": [], "summary": {"covered_lines": 0, "num_statements": 3, "percent_covered": 0.0, "percent_covered_display": "0", "missing_lines": 3, "excluded_lines": 0}, "missing_lines": [106, 107, 109], "excluded_lines": []}, "block_topic": {"executed_lines": [], "summary": {"covered_lines": 0, "num_statements": 4, "percent_covered": 0.0, "percent_covered_display": "0", "missing_lines": 4, "excluded_lines": 0}, "missing_lines": [128, 129, 130, 131], "excluded_lines": []}, "": {"executed_lines": [1, 4, 6, 7, 9, 10, 11, 18, 20, 23, 24, 44, 45, 61, 62, 78, 79, 95, 96, 117, 118], "summary": {"covered_lines": 20, "num_statements": 20, "percent_covered": 100.0, "percent_covered_display": "100", "missing_lines": 0, "excluded_lines": 0}, "missing_lines": [], "excluded_lines": []}}, "classes": {"": {"executed_lines": [1, 4, 6, 7, 9, 10, 11, 18, 20, 23, 24, 44, 45, 61, 62, 78, 79, 95, 96, 117, 118], "summary": {"covered_lines": 20, "num_statements": 42, "percent_covered": 47.61904761904762, "percent_covered_display": "48", "missing_lines": 22, "excluded_lines": 0}, "missing_lines": [33, 34, 36, 55, 56, 57, 58, 72, 73, 74, 75, 89, 90, 91, 92, 106, 107, 109, 128, 129, 130, 131], "excluded_lines": []}}}, "app/api/v1/admin/dashboard.py": {"executed_lines": [1, 4, 5, 7, 8, 9, 10, 12, 15, 16], "summary": {"covered_lines": 9, "num_statements": 12, "percent_covered": 75.0, "percent_covered_display": "75", "missing_lines": 3, "excluded_lines": 0}, "missing_lines": [23, 24, 25], "excluded_lines": [], "functions": {"get_dashboard_stats": {"executed_lines": [], "summary": {"covered_lines": 0, "num_statements": 3, "percent_covered": 0.0, "percent_covered_display": "0", "missing_lines": 3, "excluded_lines": 0}, "missing_lines": [23, 24, 25], "excluded_lines": []}, "": {"executed_lines": [1, 4, 5, 7, 8, 9, 10, 12, 15, 16], "summary": {"covered_lines": 9, "num_statements": 9, "percent_covered": 100.0, "percent_covered_display": "100", "missing_lines": 0, "excluded_lines": 0}, "missing_lines": [], "excluded_lines": []}}, "classes": {"": {"executed_lines": [1, 4, 5, 7, 8, 9, 10, 12, 15, 16], "summary": {"covered_lines": 9, "num_statements": 12, "percent_covered": 75.0, "percent_covered_display": "75", "missing_lines": 3, "excluded_lines": 0}, "missing_lines": [23, 24, 25], "excluded_lines": []}}}, "app/api/v1/admin/feedback.py": {"executed_lines": [1, 4, 6, 7, 9, 10, 11, 16, 18, 21, 22, 45, 46, 64, 65], "summary": {"covered_lines": 14, "num_statements": 27, "percent_covered": 51.851851851851855, "percent_covered_display": "52", "missing_lines": 13, "excluded_lines": 0}, "missing_lines": [34, 35, 37, 54, 55, 57, 58, 59, 61, 77, 78, 79, 80], "excluded_lines": [], "functions": {"list_feedbacks": {"executed_lines": [], "summary": {"covered_lines": 0, "num_statements": 3, "percent_covered": 0.0, "percent_covered_display": "0", "missing_lines": 3, "excluded_lines": 0}, "missing_lines": [34, 35, 37], "excluded_lines": []}, "get_feedback": {"executed_lines": [], "summary": {"covered_lines": 0, "num_statements": 6, "percent_covered": 0.0, "percent_covered_display": "0", "missing_lines": 6, "excluded_lines": 0}, "missing_lines": [54, 55, 57, 58, 59, 61], "excluded_lines": []}, "reply_feedback": {"executed_lines": [], "summary": {"covered_lines": 0, "num_statements": 4, "percent_covered": 0.0, "percent_covered_display": "0", "missing_lines": 4, "excluded_lines": 0}, "missing_lines": [77, 78, 79, 80], "excluded_lines": []}, "": {"executed_lines": [1, 4, 6, 7, 9, 10, 11, 16, 18, 21, 22, 45, 46, 64, 65], "summary": {"covered_lines": 14, "num_statements": 14, "percent_covered": 100.0, "percent_covered_display": "100", "missing_lines": 0, "excluded_lines": 0}, "missing_lines": [], "excluded_lines": []}}, "classes": {"": {"executed_lines": [1, 4, 6, 7, 9, 10, 11, 16, 18, 21, 22, 45, 46, 64, 65], "summary": {"covered_lines": 14, "num_statements": 27, "percent_covered": 51.851851851851855, "percent_covered_display": "52", "missing_lines": 13, "excluded_lines": 0}, "missing_lines": [34, 35, 37, 54, 55, 57, 58, 59, 61, 77, 78, 79, 80], "excluded_lines": []}}}, "app/api/v1/admin/llm_provider.py": {"executed_lines": [1, 5, 6, 8, 9, 10, 12, 13, 14, 21, 24, 25, 52, 53, 74, 75, 110, 111, 140, 141, 165, 166], "summary": {"covered_lines": 21, "num_statements": 71, "percent_covered": 29.577464788732396, "percent_covered_display": "30", "missing_lines": 50, "excluded_lines": 0}, "missing_lines": [36, 38, 39, 41, 43, 44, 46, 61, 62, 63, 65, 66, 71, 90, 91, 92, 93, 98, 103, 104, 105, 107, 120, 121, 122, 124, 125, 130, 131, 132, 134, 135, 137, 149, 150, 151, 153, 154, 159, 160, 162, 174, 175, 176, 178, 179, 184, 185, 186, 188], "excluded_lines": [], "functions": {"list_llm_providers": {"executed_lines": [], "summary": {"covered_lines": 0, "num_statements": 7, "percent_covered": 0.0, "percent_covered_display": "0", "missing_lines": 7, "excluded_lines": 0}, "missing_lines": [36, 38, 39, 41, 43, 44, 46], "excluded_lines": []}, "get_llm_provider": {"executed_lines": [], "summary": {"covered_lines": 0, "num_statements": 6, "percent_covered": 0.0, "percent_covered_display": "0", "missing_lines": 6, "excluded_lines": 0}, "missing_lines": [61, 62, 63, 65, 66, 71], "excluded_lines": []}, "create_llm_provider": {"executed_lines": [], "summary": {"covered_lines": 0, "num_statements": 9, "percent_covered": 0.0, "percent_covered_display": "0", "missing_lines": 9, "excluded_lines": 0}, "missing_lines": [90, 91, 92, 93, 98, 103, 104, 105, 107], "excluded_lines": []}, "update_llm_provider": {"executed_lines": [], "summary": {"covered_lines": 0, "num_statements": 11, "percent_covered": 0.0, "percent_covered_display": "0", "missing_lines": 11, "excluded_lines": 0}, "missing_lines": [120, 121, 122, 124, 125, 130, 131, 132, 134, 135, 137], "excluded_lines": []}, "delete_llm_provider": {"executed_lines": [], "summary": {"covered_lines": 0, "num_statements": 8, "percent_covered": 0.0, "percent_covered_display": "0", "missing_lines": 8, "excluded_lines": 0}, "missing_lines": [149, 150, 151, 153, 154, 159, 160, 162], "excluded_lines": []}, "toggle_llm_provider": {"executed_lines": [], "summary": {"covered_lines": 0, "num_statements": 9, "percent_covered": 0.0, "percent_covered_display": "0", "missing_lines": 9, "excluded_lines": 0}, "missing_lines": [174, 175, 176, 178, 179, 184, 185, 186, 188], "excluded_lines": []}, "": {"executed_lines": [1, 5, 6, 8, 9, 10, 12, 13, 14, 21, 24, 25, 52, 53, 74, 75, 110, 111, 140, 141, 165, 166], "summary": {"covered_lines": 21, "num_statements": 21, "percent_covered": 100.0, "percent_covered_display": "100", "missing_lines": 0, "excluded_lines": 0}, "missing_lines": [], "excluded_lines": []}}, "classes": {"": {"executed_lines": [1, 5, 6, 8, 9, 10, 12, 13, 14, 21, 24, 25, 52, 53, 74, 75, 110, 111, 140, 141, 165, 166], "summary": {"covered_lines": 21, "num_statements": 71, "percent_covered": 29.577464788732396, "percent_covered_display": "30", "missing_lines": 50, "excluded_lines": 0}, "missing_lines": [36, 38, 39, 41, 43, 44, 46, 61, 62, 63, 65, 66, 71, 90, 91, 92, 93, 98, 103, 104, 105, 107, 120, 121, 122, 124, 125, 130, 131, 132, 134, 135, 137, 149, 150, 151, 153, 154, 159, 160, 162, 174, 175, 176, 178, 179, 184, 185, 186, 188], "excluded_lines": []}}}, "app/api/v1/admin/packages.py": {"executed_lines": [1, 4, 5, 7, 8, 9, 14, 16, 19, 20, 36, 37], "summary": {"covered_lines": 11, "num_statements": 18, "percent_covered": 61.111111111111114, "percent_covered_display": "61", "missing_lines": 7, "excluded_lines": 0}, "missing_lines": [27, 28, 30, 50, 51, 52, 53], "excluded_lines": [], "functions": {"list_asset_packages": {"executed_lines": [], "summary": {"covered_lines": 0, "num_statements": 3, "percent_covered": 0.0, "percent_covered_display": "0", "missing_lines": 3, "excluded_lines": 0}, "missing_lines": [27, 28, 30], "excluded_lines": []}, "update_asset_package": {"executed_lines": [], "summary": {"covered_lines": 0, "num_statements": 4, "percent_covered": 0.0, "percent_covered_display": "0", "missing_lines": 4, "excluded_lines": 0}, "missing_lines": [50, 51, 52, 53], "excluded_lines": []}, "": {"executed_lines": [1, 4, 5, 7, 8, 9, 14, 16, 19, 20, 36, 37], "summary": {"covered_lines": 11, "num_statements": 11, "percent_covered": 100.0, "percent_covered_display": "100", "missing_lines": 0, "excluded_lines": 0}, "missing_lines": [], "excluded_lines": []}}, "classes": {"": {"executed_lines": [1, 4, 5, 7, 8, 9, 14, 16, 19, 20, 36, 37], "summary": {"covered_lines": 11, "num_statements": 18, "percent_covered": 61.111111111111114, "percent_covered_display": "61", "missing_lines": 7, "excluded_lines": 0}, "missing_lines": [27, 28, 30, 50, 51, 52, 53], "excluded_lines": []}}}, "app/api/v1/admin/users.py": {"executed_lines": [1, 4, 6, 7, 9, 10, 11, 17, 19, 22, 23, 48, 49, 67, 68, 87, 88, 103, 104, 122, 123], "summary": {"covered_lines": 20, "num_statements": 45, "percent_covered": 44.44444444444444, "percent_covered_display": "44", "missing_lines": 25, "excluded_lines": 0}, "missing_lines": [37, 38, 40, 57, 58, 60, 61, 62, 64, 81, 82, 83, 84, 97, 98, 99, 100, 116, 117, 118, 119, 132, 133, 134, 135], "excluded_lines": [], "functions": {"list_users": {"executed_lines": [], "summary": {"covered_lines": 0, "num_statements": 3, "percent_covered": 0.0, "percent_covered_display": "0", "missing_lines": 3, "excluded_lines": 0}, "missing_lines": [37, 38, 40], "excluded_lines": []}, "get_user": {"executed_lines": [], "summary": {"covered_lines": 0, "num_statements": 6, "percent_covered": 0.0, "percent_covered_display": "0", "missing_lines": 6, "excluded_lines": 0}, "missing_lines": [57, 58, 60, 61, 62, 64], "excluded_lines": []}, "ban_user": {"executed_lines": [], "summary": {"covered_lines": 0, "num_statements": 4, "percent_covered": 0.0, "percent_covered_display": "0", "missing_lines": 4, "excluded_lines": 0}, "missing_lines": [81, 82, 83, 84], "excluded_lines": []}, "unban_user": {"executed_lines": [], "summary": {"covered_lines": 0, "num_statements": 4, "percent_covered": 0.0, "percent_covered_display": "0", "missing_lines": 4, "excluded_lines": 0}, "missing_lines": [97, 98, 99, 100], "excluded_lines": []}, "lock_user": {"executed_lines": [], "summary": {"covered_lines": 0, "num_statements": 4, "percent_covered": 0.0, "percent_covered_display": "0", "missing_lines": 4, "excluded_lines": 0}, "missing_lines": [116, 117, 118, 119], "excluded_lines": []}, "unlock_user": {"executed_lines": [], "summary": {"covered_lines": 0, "num_statements": 4, "percent_covered": 0.0, "percent_covered_display": "0", "missing_lines": 4, "excluded_lines": 0}, "missing_lines": [132, 133, 134, 135], "excluded_lines": []}, "": {"executed_lines": [1, 4, 6, 7, 9, 10, 11, 17, 19, 22, 23, 48, 49, 67, 68, 87, 88, 103, 104, 122, 123], "summary": {"covered_lines": 20, "num_statements": 20, "percent_covered": 100.0, "percent_covered_display": "100", "missing_lines": 0, "excluded_lines": 0}, "missing_lines": [], "excluded_lines": []}}, "classes": {"": {"executed_lines": [1, 4, 6, 7, 9, 10, 11, 17, 19, 22, 23, 48, 49, 67, 68, 87, 88, 103, 104, 122, 123], "summary": {"covered_lines": 20, "num_statements": 45, "percent_covered": 44.44444444444444, "percent_covered_display": "44", "missing_lines": 25, "excluded_lines": 0}, "missing_lines": [37, 38, 40, 57, 58, 60, 61, 62, 64, 81, 82, 83, 84, 97, 98, 99, 100, 116, 117, 118, 119, 132, 133, 134, 135], "excluded_lines": []}}}, "app/api/v1/ai/__init__.py": {"executed_lines": [1, 4, 6], "summary": {"covered_lines": 2, "num_statements": 2, "percent_covered": 100.0, "percent_covered_display": "100", "missing_lines": 0, "excluded_lines": 0}, "missing_lines": [], "excluded_lines": [], "functions": {"": {"executed_lines": [1, 4, 6], "summary": {"covered_lines": 2, "num_statements": 2, "percent_covered": 100.0, "percent_covered_display": "100", "missing_lines": 0, "excluded_lines": 0}, "missing_lines": [], "excluded_lines": []}}, "classes": {"": {"executed_lines": [1, 4, 6], "summary": {"covered_lines": 2, "num_statements": 2, "percent_covered": 100.0, "percent_covered_display": "100", "missing_lines": 0, "excluded_lines": 0}, "missing_lines": [], "excluded_lines": []}}}, "app/api/v1/ai/router.py": {"executed_lines": [1, 10, 11, 12, 14, 15, 16, 18, 19, 20, 21, 22, 31, 33, 35, 38, 39, 53, 54, 61, 63, 65, 68, 69, 71, 77, 78, 84, 86, 87, 88, 90, 91, 96, 97, 119, 120, 128, 130, 131, 133, 134, 135, 146, 147, 223, 275, 283, 284, 308, 309, 318, 319, 321], "summary": {"covered_lines": 53, "num_statements": 114, "percent_covered": 46.49122807017544, "percent_covered_display": "46", "missing_lines": 61, "excluded_lines": 0}, "missing_lines": [45, 47, 48, 49, 50, 66, 93, 103, 105, 107, 108, 110, 111, 113, 114, 116, 137, 138, 140, 159, 161, 162, 164, 165, 166, 168, 169, 171, 178, 183, 184, 185, 187, 188, 201, 202, 211, 213, 220, 239, 240, 242, 243, 245, 247, 256, 257, 259, 261, 268, 270, 271, 272, 277, 292, 294, 296, 297, 298, 300, 305], "excluded_lines": [], "functions": {"create_session": {"executed_lines": [], "summary": {"covered_lines": 0, "num_statements": 5, "percent_covered": 0.0, "percent_covered_display": "0", "missing_lines": 5, "excluded_lines": 0}, "missing_lines": [45, 47, 48, 49, 50], "excluded_lines": []}, "list_sessions": {"executed_lines": [61, 63, 65, 68, 69, 71], "summary": {"covered_lines": 6, "num_statements": 7, "percent_covered": 85.71428571428571, "percent_covered_display": "86", "missing_lines": 1, "excluded_lines": 0}, "missing_lines": [66], "excluded_lines": []}, "get_session": {"executed_lines": [84, 86, 87, 88, 90, 91], "summary": {"covered_lines": 6, "num_statements": 7, "percent_covered": 85.71428571428571, "percent_covered_display": "86", "missing_lines": 1, "excluded_lines": 0}, "missing_lines": [93], "excluded_lines": []}, "delete_session": {"executed_lines": [], "summary": {"covered_lines": 0, "num_statements": 9, "percent_covered": 0.0, "percent_covered_display": "0", "missing_lines": 9, "excluded_lines": 0}, "missing_lines": [103, 105, 107, 108, 110, 111, 113, 114, 116], "excluded_lines": []}, "list_messages": {"executed_lines": [128, 130, 131, 133, 134, 135], "summary": {"covered_lines": 6, "num_statements": 9, "percent_covered": 66.66666666666667, "percent_covered_display": "67", "missing_lines": 3, "excluded_lines": 0}, "missing_lines": [137, 138, 140], "excluded_lines": []}, "create_message": {"executed_lines": [], "summary": {"covered_lines": 0, "num_statements": 20, "percent_covered": 0.0, "percent_covered_display": "0", "missing_lines": 20, "excluded_lines": 0}, "missing_lines": [159, 161, 162, 164, 165, 166, 168, 169, 171, 178, 183, 184, 185, 187, 188, 201, 202, 211, 213, 220], "excluded_lines": []}, "_stream_response": {"executed_lines": [], "summary": {"covered_lines": 0, "num_statements": 14, "percent_covered": 0.0, "percent_covered_display": "0", "missing_lines": 14, "excluded_lines": 0}, "missing_lines": [239, 240, 242, 243, 245, 247, 256, 257, 259, 261, 268, 270, 271, 272], "excluded_lines": []}, "_message_to_dict": {"executed_lines": [], "summary": {"covered_lines": 0, "num_statements": 1, "percent_covered": 0.0, "percent_covered_display": "0", "missing_lines": 1, "excluded_lines": 0}, "missing_lines": [277], "excluded_lines": []}, "add_feedback": {"executed_lines": [], "summary": {"covered_lines": 0, "num_statements": 7, "percent_covered": 0.0, "percent_covered_display": "0", "missing_lines": 7, "excluded_lines": 0}, "missing_lines": [292, 294, 296, 297, 298, 300, 305], "excluded_lines": []}, "list_providers": {"executed_lines": [318, 319, 321], "summary": {"covered_lines": 3, "num_statements": 3, "percent_covered": 100.0, "percent_covered_display": "100", "missing_lines": 0, "excluded_lines": 0}, "missing_lines": [], "excluded_lines": []}, "": {"executed_lines": [1, 10, 11, 12, 14, 15, 16, 18, 19, 20, 21, 22, 31, 33, 35, 38, 39, 53, 54, 77, 78, 96, 97, 119, 120, 146, 147, 223, 275, 283, 284, 308, 309], "summary": {"covered_lines": 32, "num_statements": 32, "percent_covered": 100.0, "percent_covered_display": "100", "missing_lines": 0, "excluded_lines": 0}, "missing_lines": [], "excluded_lines": []}}, "classes": {"": {"executed_lines": [1, 10, 11, 12, 14, 15, 16, 18, 19, 20, 21, 22, 31, 33, 35, 38, 39, 53, 54, 61, 63, 65, 68, 69, 71, 77, 78, 84, 86, 87, 88, 90, 91, 96, 97, 119, 120, 128, 130, 131, 133, 134, 135, 146, 147, 223, 275, 283, 284, 308, 309, 318, 319, 321], "summary": {"covered_lines": 53, "num_statements": 114, "percent_covered": 46.49122807017544, "percent_covered_display": "46", "missing_lines": 61, "excluded_lines": 0}, "missing_lines": [45, 47, 48, 49, 50, 66, 93, 103, 105, 107, 108, 110, 111, 113, 114, 116, 137, 138, 140, 159, 161, 162, 164, 165, 166, 168, 169, 171, 178, 183, 184, 185, 187, 188, 201, 202, 211, 213, 220, 239, 240, 242, 243, 245, 247, 256, 257, 259, 261, 268, 270, 271, 272, 277, 292, 294, 296, 297, 298, 300, 305], "excluded_lines": []}}}, "app/api/v1/auth/__init__.py": {"executed_lines": [2, 4], "summary": {"covered_lines": 2, "num_statements": 2, "percent_covered": 100.0, "percent_covered_display": "100", "missing_lines": 0, "excluded_lines": 0}, "missing_lines": [], "excluded_lines": [], "functions": {"": {"executed_lines": [2, 4], "summary": {"covered_lines": 2, "num_statements": 2, "percent_covered": 100.0, "percent_covered_display": "100", "missing_lines": 0, "excluded_lines": 0}, "missing_lines": [], "excluded_lines": []}}, "classes": {"": {"executed_lines": [2, 4], "summary": {"covered_lines": 2, "num_statements": 2, "percent_covered": 100.0, "percent_covered_display": "100", "missing_lines": 0, "excluded_lines": 0}, "missing_lines": [], "excluded_lines": []}}}, "app/api/v1/auth/router.py": {"executed_lines": [1, 5, 6, 8, 9, 10, 11, 12, 21, 22, 23, 30, 33, 34, 35, 36, 53, 54, 60, 61, 77, 78, 83, 90, 93, 94, 100, 101, 103, 104, 107, 108], "summary": {"covered_lines": 31, "num_statements": 38, "percent_covered": 81.57894736842105, "percent_covered_display": "82", "missing_lines": 7, "excluded_lines": 0}, "missing_lines": [56, 57, 66, 74, 96, 97, 112], "excluded_lines": [], "functions": {"_build_token_response": {"executed_lines": [34, 35, 36], "summary": {"covered_lines": 3, "num_statements": 3, "percent_covered": 100.0, "percent_covered_display": "100", "missing_lines": 0, "excluded_lines": 0}, "missing_lines": [], "excluded_lines": []}, "send_code": {"executed_lines": [], "summary": {"covered_lines": 0, "num_statements": 2, "percent_covered": 0.0, "percent_covered_display": "0", "missing_lines": 2, "excluded_lines": 0}, "missing_lines": [56, 57], "excluded_lines": []}, "register": {"executed_lines": [], "summary": {"covered_lines": 0, "num_statements": 2, "percent_covered": 0.0, "percent_covered_display": "0", "missing_lines": 2, "excluded_lines": 0}, "missing_lines": [66, 74], "excluded_lines": []}, "login": {"executed_lines": [83, 90], "summary": {"covered_lines": 2, "num_statements": 2, "percent_covered": 100.0, "percent_covered_display": "100", "missing_lines": 0, "excluded_lines": 0}, "missing_lines": [], "excluded_lines": []}, "wechat_login": {"executed_lines": [], "summary": {"covered_lines": 0, "num_statements": 2, "percent_covered": 0.0, "percent_covered_display": "0", "missing_lines": 2, "excluded_lines": 0}, "missing_lines": [96, 97], "excluded_lines": []}, "refresh": {"executed_lines": [103, 104], "summary": {"covered_lines": 2, "num_statements": 2, "percent_covered": 100.0, "percent_covered_display": "100", "missing_lines": 0, "excluded_lines": 0}, "missing_lines": [], "excluded_lines": []}, "logout_endpoint": {"executed_lines": [], "summary": {"covered_lines": 0, "num_statements": 1, "percent_covered": 0.0, "percent_covered_display": "0", "missing_lines": 1, "excluded_lines": 0}, "missing_lines": [112], "excluded_lines": []}, "": {"executed_lines": [1, 5, 6, 8, 9, 10, 11, 12, 21, 22, 23, 30, 33, 53, 54, 60, 61, 77, 78, 93, 94, 100, 101, 107, 108], "summary": {"covered_lines": 24, "num_statements": 24, "percent_covered": 100.0, "percent_covered_display": "100", "missing_lines": 0, "excluded_lines": 0}, "missing_lines": [], "excluded_lines": []}}, "classes": {"": {"executed_lines": [1, 5, 6, 8, 9, 10, 11, 12, 21, 22, 23, 30, 33, 34, 35, 36, 53, 54, 60, 61, 77, 78, 83, 90, 93, 94, 100, 101, 103, 104, 107, 108], "summary": {"covered_lines": 31, "num_statements": 38, "percent_covered": 81.57894736842105, "percent_covered_display": "82", "missing_lines": 7, "excluded_lines": 0}, "missing_lines": [56, 57, 66, 74, 96, 97, 112], "excluded_lines": []}}}, "app/api/v1/community/__init__.py": {"executed_lines": [1, 4, 6], "summary": {"covered_lines": 2, "num_statements": 2, "percent_covered": 100.0, "percent_covered_display": "100", "missing_lines": 0, "excluded_lines": 0}, "missing_lines": [], "excluded_lines": [], "functions": {"": {"executed_lines": [1, 4, 6], "summary": {"covered_lines": 2, "num_statements": 2, "percent_covered": 100.0, "percent_covered_display": "100", "missing_lines": 0, "excluded_lines": 0}, "missing_lines": [], "excluded_lines": []}}, "classes": {"": {"executed_lines": [1, 4, 6], "summary": {"covered_lines": 2, "num_statements": 2, "percent_covered": 100.0, "percent_covered_display": "100", "missing_lines": 0, "excluded_lines": 0}, "missing_lines": [], "excluded_lines": []}}}, "app/api/v1/community/router.py": {"executed_lines": [1, 4, 6, 7, 9, 10, 11, 21, 23, 26, 27, 38, 39, 65, 66, 82, 83, 103, 104, 119, 120, 143, 144, 162, 163, 187, 188, 203, 204], "summary": {"covered_lines": 28, "num_statements": 74, "percent_covered": 37.83783783783784, "percent_covered_display": "38", "missing_lines": 46, "excluded_lines": 0}, "missing_lines": [33, 34, 35, 48, 49, 57, 71, 72, 74, 75, 77, 79, 90, 91, 97, 98, 100, 110, 111, 113, 114, 116, 127, 129, 130, 131, 133, 134, 140, 151, 152, 154, 169, 170, 172, 173, 175, 181, 182, 184, 194, 195, 197, 198, 200, 210], "excluded_lines": [], "functions": {"create_topic": {"executed_lines": [], "summary": {"covered_lines": 0, "num_statements": 3, "percent_covered": 0.0, "percent_covered_display": "0", "missing_lines": 3, "excluded_lines": 0}, "missing_lines": [33, 34, 35], "excluded_lines": []}, "list_topics": {"executed_lines": [], "summary": {"covered_lines": 0, "num_statements": 3, "percent_covered": 0.0, "percent_covered_display": "0", "missing_lines": 3, "excluded_lines": 0}, "missing_lines": [48, 49, 57], "excluded_lines": []}, "get_topic": {"executed_lines": [], "summary": {"covered_lines": 0, "num_statements": 6, "percent_covered": 0.0, "percent_covered_display": "0", "missing_lines": 6, "excluded_lines": 0}, "missing_lines": [71, 72, 74, 75, 77, 79], "excluded_lines": []}, "update_topic": {"executed_lines": [], "summary": {"covered_lines": 0, "num_statements": 5, "percent_covered": 0.0, "percent_covered_display": "0", "missing_lines": 5, "excluded_lines": 0}, "missing_lines": [90, 91, 97, 98, 100], "excluded_lines": []}, "delete_topic": {"executed_lines": [], "summary": {"covered_lines": 0, "num_statements": 5, "percent_covered": 0.0, "percent_covered_display": "0", "missing_lines": 5, "excluded_lines": 0}, "missing_lines": [110, 111, 113, 114, 116], "excluded_lines": []}, "create_post": {"executed_lines": [], "summary": {"covered_lines": 0, "num_statements": 7, "percent_covered": 0.0, "percent_covered_display": "0", "missing_lines": 7, "excluded_lines": 0}, "missing_lines": [127, 129, 130, 131, 133, 134, 140], "excluded_lines": []}, "list_posts": {"executed_lines": [], "summary": {"covered_lines": 0, "num_statements": 3, "percent_covered": 0.0, "percent_covered_display": "0", "missing_lines": 3, "excluded_lines": 0}, "missing_lines": [151, 152, 154], "excluded_lines": []}, "accept_post": {"executed_lines": [], "summary": {"covered_lines": 0, "num_statements": 8, "percent_covered": 0.0, "percent_covered_display": "0", "missing_lines": 8, "excluded_lines": 0}, "missing_lines": [169, 170, 172, 173, 175, 181, 182, 184], "excluded_lines": []}, "delete_post": {"executed_lines": [], "summary": {"covered_lines": 0, "num_statements": 5, "percent_covered": 0.0, "percent_covered_display": "0", "missing_lines": 5, "excluded_lines": 0}, "missing_lines": [194, 195, 197, 198, 200], "excluded_lines": []}, "like_post": {"executed_lines": [], "summary": {"covered_lines": 0, "num_statements": 1, "percent_covered": 0.0, "percent_covered_display": "0", "missing_lines": 1, "excluded_lines": 0}, "missing_lines": [210], "excluded_lines": []}, "": {"executed_lines": [1, 4, 6, 7, 9, 10, 11, 21, 23, 26, 27, 38, 39, 65, 66, 82, 83, 103, 104, 119, 120, 143, 144, 162, 163, 187, 188, 203, 204], "summary": {"covered_lines": 28, "num_statements": 28, "percent_covered": 100.0, "percent_covered_display": "100", "missing_lines": 0, "excluded_lines": 0}, "missing_lines": [], "excluded_lines": []}}, "classes": {"": {"executed_lines": [1, 4, 6, 7, 9, 10, 11, 21, 23, 26, 27, 38, 39, 65, 66, 82, 83, 103, 104, 119, 120, 143, 144, 162, 163, 187, 188, 203, 204], "summary": {"covered_lines": 28, "num_statements": 74, "percent_covered": 37.83783783783784, "percent_covered_display": "38", "missing_lines": 46, "excluded_lines": 0}, "missing_lines": [33, 34, 35, 48, 49, 57, 71, 72, 74, 75, 77, 79, 90, 91, 97, 98, 100, 110, 111, 113, 114, 116, 127, 129, 130, 131, 133, 134, 140, 151, 152, 154, 169, 170, 172, 173, 175, 181, 182, 184, 194, 195, 197, 198, 200, 210], "excluded_lines": []}}}, "app/api/v1/files/__init__.py": {"executed_lines": [1, 4, 6], "summary": {"covered_lines": 2, "num_statements": 2, "percent_covered": 100.0, "percent_covered_display": "100", "missing_lines": 0, "excluded_lines": 0}, "missing_lines": [], "excluded_lines": [], "functions": {"": {"executed_lines": [1, 4, 6], "summary": {"covered_lines": 2, "num_statements": 2, "percent_covered": 100.0, "percent_covered_display": "100", "missing_lines": 0, "excluded_lines": 0}, "missing_lines": [], "excluded_lines": []}}, "classes": {"": {"executed_lines": [1, 4, 6], "summary": {"covered_lines": 2, "num_statements": 2, "percent_covered": 100.0, "percent_covered_display": "100", "missing_lines": 0, "excluded_lines": 0}, "missing_lines": [], "excluded_lines": []}}}, "app/api/v1/files/router.py": {"executed_lines": [1, 4, 5, 7, 8, 10, 11, 12, 17, 19, 22, 23, 79, 80, 99, 100, 128, 129, 151, 152, 167, 168, 209, 210], "summary": {"covered_lines": 23, "num_statements": 79, "percent_covered": 29.11392405063291, "percent_covered_display": "29", "missing_lines": 56, "excluded_lines": 0}, "missing_lines": [37, 38, 40, 42, 44, 46, 48, 49, 50, 59, 69, 86, 87, 89, 90, 92, 93, 94, 96, 113, 114, 116, 117, 119, 120, 121, 123, 125, 136, 137, 143, 158, 159, 161, 162, 164, 183, 185, 186, 187, 188, 190, 192, 193, 194, 196, 203, 216, 217, 219, 220, 222, 223, 224, 226, 228], "excluded_lines": [], "functions": {"upload_file": {"executed_lines": [], "summary": {"covered_lines": 0, "num_statements": 11, "percent_covered": 0.0, "percent_covered_display": "0", "missing_lines": 11, "excluded_lines": 0}, "missing_lines": [37, 38, 40, 42, 44, 46, 48, 49, 50, 59, 69], "excluded_lines": []}, "get_file": {"executed_lines": [], "summary": {"covered_lines": 0, "num_statements": 8, "percent_covered": 0.0, "percent_covered_display": "0", "missing_lines": 8, "excluded_lines": 0}, "missing_lines": [86, 87, 89, 90, 92, 93, 94, 96], "excluded_lines": []}, "get_download_url": {"executed_lines": [], "summary": {"covered_lines": 0, "num_statements": 9, "percent_covered": 0.0, "percent_covered_display": "0", "missing_lines": 9, "excluded_lines": 0}, "missing_lines": [113, 114, 116, 117, 119, 120, 121, 123, 125], "excluded_lines": []}, "get_user_files": {"executed_lines": [], "summary": {"covered_lines": 0, "num_statements": 3, "percent_covered": 0.0, "percent_covered_display": "0", "missing_lines": 3, "excluded_lines": 0}, "missing_lines": [136, 137, 143], "excluded_lines": []}, "delete_file": {"executed_lines": [], "summary": {"covered_lines": 0, "num_statements": 5, "percent_covered": 0.0, "percent_covered_display": "0", "missing_lines": 5, "excluded_lines": 0}, "missing_lines": [158, 159, 161, 162, 164], "excluded_lines": []}, "create_file_usage": {"executed_lines": [], "summary": {"covered_lines": 0, "num_statements": 11, "percent_covered": 0.0, "percent_covered_display": "0", "missing_lines": 11, "excluded_lines": 0}, "missing_lines": [183, 185, 186, 187, 188, 190, 192, 193, 194, 196, 203], "excluded_lines": []}, "get_file_usages": {"executed_lines": [], "summary": {"covered_lines": 0, "num_statements": 9, "percent_covered": 0.0, "percent_covered_display": "0", "missing_lines": 9, "excluded_lines": 0}, "missing_lines": [216, 217, 219, 220, 222, 223, 224, 226, 228], "excluded_lines": []}, "": {"executed_lines": [1, 4, 5, 7, 8, 10, 11, 12, 17, 19, 22, 23, 79, 80, 99, 100, 128, 129, 151, 152, 167, 168, 209, 210], "summary": {"covered_lines": 23, "num_statements": 23, "percent_covered": 100.0, "percent_covered_display": "100", "missing_lines": 0, "excluded_lines": 0}, "missing_lines": [], "excluded_lines": []}}, "classes": {"": {"executed_lines": [1, 4, 5, 7, 8, 10, 11, 12, 17, 19, 22, 23, 79, 80, 99, 100, 128, 129, 151, 152, 167, 168, 209, 210], "summary": {"covered_lines": 23, "num_statements": 79, "percent_covered": 29.11392405063291, "percent_covered_display": "29", "missing_lines": 56, "excluded_lines": 0}, "missing_lines": [37, 38, 40, 42, 44, 46, 48, 49, 50, 59, 69, 86, 87, 89, 90, 92, 93, 94, 96, 113, 114, 116, 117, 119, 120, 121, 123, 125, 136, 137, 143, 158, 159, 161, 162, 164, 183, 185, 186, 187, 188, 190, 192, 193, 194, 196, 203, 216, 217, 219, 220, 222, 223, 224, 226, 228], "excluded_lines": []}}}, "app/api/v1/ledger/__init__.py": {"executed_lines": [1, 4, 6], "summary": {"covered_lines": 2, "num_statements": 2, "percent_covered": 100.0, "percent_covered_display": "100", "missing_lines": 0, "excluded_lines": 0}, "missing_lines": [], "excluded_lines": [], "functions": {"": {"executed_lines": [1, 4, 6], "summary": {"covered_lines": 2, "num_statements": 2, "percent_covered": 100.0, "percent_covered_display": "100", "missing_lines": 0, "excluded_lines": 0}, "missing_lines": [], "excluded_lines": []}}, "classes": {"": {"executed_lines": [1, 4, 6], "summary": {"covered_lines": 2, "num_statements": 2, "percent_covered": 100.0, "percent_covered_display": "100", "missing_lines": 0, "excluded_lines": 0}, "missing_lines": [], "excluded_lines": []}}}, "app/api/v1/ledger/router.py": {"executed_lines": [1, 5, 6, 8, 9, 10, 11, 20, 22, 25, 26, 43, 44, 66, 67, 89, 90, 99, 100, 127, 128, 138, 139, 153, 154], "summary": {"covered_lines": 24, "num_statements": 51, "percent_covered": 47.05882352941177, "percent_covered_display": "47", "missing_lines": 27, "excluded_lines": 0}, "missing_lines": [31, 32, 34, 51, 52, 58, 81, 94, 95, 96, 114, 115, 117, 118, 120, 133, 134, 135, 144, 145, 147, 167, 169, 170, 171, 173, 182], "excluded_lines": [], "functions": {"get_balance": {"executed_lines": [], "summary": {"covered_lines": 0, "num_statements": 3, "percent_covered": 0.0, "percent_covered_display": "0", "missing_lines": 3, "excluded_lines": 0}, "missing_lines": [31, 32, 34], "excluded_lines": []}, "get_ledger_history": {"executed_lines": [], "summary": {"covered_lines": 0, "num_statements": 3, "percent_covered": 0.0, "percent_covered_display": "0", "missing_lines": 3, "excluded_lines": 0}, "missing_lines": [51, 52, 58], "excluded_lines": []}, "recharge": {"executed_lines": [], "summary": {"covered_lines": 0, "num_statements": 1, "percent_covered": 0.0, "percent_covered_display": "0", "missing_lines": 1, "excluded_lines": 0}, "missing_lines": [81], "excluded_lines": []}, "list_packages": {"executed_lines": [], "summary": {"covered_lines": 0, "num_statements": 3, "percent_covered": 0.0, "percent_covered_display": "0", "missing_lines": 3, "excluded_lines": 0}, "missing_lines": [94, 95, 96], "excluded_lines": []}, "purchase_package": {"executed_lines": [], "summary": {"covered_lines": 0, "num_statements": 5, "percent_covered": 0.0, "percent_covered_display": "0", "missing_lines": 5, "excluded_lines": 0}, "missing_lines": [114, 115, 117, 118, 120], "excluded_lines": []}, "get_user_assets": {"executed_lines": [], "summary": {"covered_lines": 0, "num_statements": 3, "percent_covered": 0.0, "percent_covered_display": "0", "missing_lines": 3, "excluded_lines": 0}, "missing_lines": [133, 134, 135], "excluded_lines": []}, "get_total_quota": {"executed_lines": [], "summary": {"covered_lines": 0, "num_statements": 3, "percent_covered": 0.0, "percent_covered_display": "0", "missing_lines": 3, "excluded_lines": 0}, "missing_lines": [144, 145, 147], "excluded_lines": []}, "grant_beans": {"executed_lines": [], "summary": {"covered_lines": 0, "num_statements": 6, "percent_covered": 0.0, "percent_covered_display": "0", "missing_lines": 6, "excluded_lines": 0}, "missing_lines": [167, 169, 170, 171, 173, 182], "excluded_lines": []}, "": {"executed_lines": [1, 5, 6, 8, 9, 10, 11, 20, 22, 25, 26, 43, 44, 66, 67, 89, 90, 99, 100, 127, 128, 138, 139, 153, 154], "summary": {"covered_lines": 24, "num_statements": 24, "percent_covered": 100.0, "percent_covered_display": "100", "missing_lines": 0, "excluded_lines": 0}, "missing_lines": [], "excluded_lines": []}}, "classes": {"": {"executed_lines": [1, 5, 6, 8, 9, 10, 11, 20, 22, 25, 26, 43, 44, 66, 67, 89, 90, 99, 100, 127, 128, 138, 139, 153, 154], "summary": {"covered_lines": 24, "num_statements": 51, "percent_covered": 47.05882352941177, "percent_covered_display": "47", "missing_lines": 27, "excluded_lines": 0}, "missing_lines": [31, 32, 34, 51, 52, 58, 81, 94, 95, 96, 114, 115, 117, 118, 120, 133, 134, 135, 144, 145, 147, 167, 169, 170, 171, 173, 182], "excluded_lines": []}}}, "app/api/v1/notification/__init__.py": {"executed_lines": [1, 4, 6], "summary": {"covered_lines": 2, "num_statements": 2, "percent_covered": 100.0, "percent_covered_display": "100", "missing_lines": 0, "excluded_lines": 0}, "missing_lines": [], "excluded_lines": [], "functions": {"": {"executed_lines": [1, 4, 6], "summary": {"covered_lines": 2, "num_statements": 2, "percent_covered": 100.0, "percent_covered_display": "100", "missing_lines": 0, "excluded_lines": 0}, "missing_lines": [], "excluded_lines": []}}, "classes": {"": {"executed_lines": [1, 4, 6], "summary": {"covered_lines": 2, "num_statements": 2, "percent_covered": 100.0, "percent_covered_display": "100", "missing_lines": 0, "excluded_lines": 0}, "missing_lines": [], "excluded_lines": []}}}, "app/api/v1/notification/router.py": {"executed_lines": [1, 4, 6, 7, 9, 10, 11, 21, 23, 26, 27, 56, 57, 75, 76, 94, 95, 109, 110, 120, 121, 139, 140, 159, 160], "summary": {"covered_lines": 24, "num_statements": 53, "percent_covered": 45.283018867924525, "percent_covered_display": "45", "missing_lines": 29, "excluded_lines": 0}, "missing_lines": [36, 37, 45, 47, 63, 64, 69, 70, 72, 82, 83, 88, 100, 101, 103, 115, 116, 117, 127, 128, 133, 134, 136, 150, 151, 156, 171, 172, 177], "excluded_lines": [], "functions": {"get_notifications": {"executed_lines": [], "summary": {"covered_lines": 0, "num_statements": 4, "percent_covered": 0.0, "percent_covered_display": "0", "missing_lines": 4, "excluded_lines": 0}, "missing_lines": [36, 37, 45, 47], "excluded_lines": []}, "get_notification": {"executed_lines": [], "summary": {"covered_lines": 0, "num_statements": 5, "percent_covered": 0.0, "percent_covered_display": "0", "missing_lines": 5, "excluded_lines": 0}, "missing_lines": [63, 64, 69, 70, 72], "excluded_lines": []}, "mark_as_read": {"executed_lines": [], "summary": {"covered_lines": 0, "num_statements": 3, "percent_covered": 0.0, "percent_covered_display": "0", "missing_lines": 3, "excluded_lines": 0}, "missing_lines": [82, 83, 88], "excluded_lines": []}, "mark_all_as_read": {"executed_lines": [], "summary": {"covered_lines": 0, "num_statements": 3, "percent_covered": 0.0, "percent_covered_display": "0", "missing_lines": 3, "excluded_lines": 0}, "missing_lines": [100, 101, 103], "excluded_lines": []}, "get_stats": {"executed_lines": [], "summary": {"covered_lines": 0, "num_statements": 3, "percent_covered": 0.0, "percent_covered_display": "0", "missing_lines": 3, "excluded_lines": 0}, "missing_lines": [115, 116, 117], "excluded_lines": []}, "delete_notification": {"executed_lines": [], "summary": {"covered_lines": 0, "num_statements": 5, "percent_covered": 0.0, "percent_covered_display": "0", "missing_lines": 5, "excluded_lines": 0}, "missing_lines": [127, 128, 133, 134, 136], "excluded_lines": []}, "create_notification": {"executed_lines": [], "summary": {"covered_lines": 0, "num_statements": 3, "percent_covered": 0.0, "percent_covered_display": "0", "missing_lines": 3, "excluded_lines": 0}, "missing_lines": [150, 151, 156], "excluded_lines": []}, "broadcast_notification": {"executed_lines": [], "summary": {"covered_lines": 0, "num_statements": 3, "percent_covered": 0.0, "percent_covered_display": "0", "missing_lines": 3, "excluded_lines": 0}, "missing_lines": [171, 172, 177], "excluded_lines": []}, "": {"executed_lines": [1, 4, 6, 7, 9, 10, 11, 21, 23, 26, 27, 56, 57, 75, 76, 94, 95, 109, 110, 120, 121, 139, 140, 159, 160], "summary": {"covered_lines": 24, "num_statements": 24, "percent_covered": 100.0, "percent_covered_display": "100", "missing_lines": 0, "excluded_lines": 0}, "missing_lines": [], "excluded_lines": []}}, "classes": {"": {"executed_lines": [1, 4, 6, 7, 9, 10, 11, 21, 23, 26, 27, 56, 57, 75, 76, 94, 95, 109, 110, 120, 121, 139, 140, 159, 160], "summary": {"covered_lines": 24, "num_statements": 53, "percent_covered": 45.283018867924525, "percent_covered_display": "45", "missing_lines": 29, "excluded_lines": 0}, "missing_lines": [36, 37, 45, 47, 63, 64, 69, 70, 72, 82, 83, 88, 100, 101, 103, 115, 116, 117, 127, 128, 133, 134, 136, 150, 151, 156, 171, 172, 177], "excluded_lines": []}}}, "app/api/v1/payment/router.py": {"executed_lines": [1, 7, 8, 10, 11, 13, 14, 15, 16, 25, 26, 28, 30, 33, 34, 60, 61, 90, 91, 112, 113, 167, 168, 222, 223, 251, 252, 265, 266, 293, 294, 332], "summary": {"covered_lines": 31, "num_statements": 102, "percent_covered": 30.392156862745097, "percent_covered_display": "30", "missing_lines": 71, "excluded_lines": 0}, "missing_lines": [46, 48, 57, 75, 77, 84, 99, 101, 106, 107, 109, 123, 125, 127, 128, 132, 133, 135, 143, 144, 153, 154, 156, 162, 163, 164, 178, 180, 182, 183, 187, 188, 190, 198, 199, 207, 208, 210, 217, 218, 219, 232, 234, 235, 237, 238, 240, 241, 243, 244, 246, 247, 248, 259, 260, 262, 275, 277, 279, 287, 288, 290, 304, 305, 307, 309, 316, 317, 325, 338, 340], "excluded_lines": [], "functions": {"create_payment_order": {"executed_lines": [], "summary": {"covered_lines": 0, "num_statements": 3, "percent_covered": 0.0, "percent_covered_display": "0", "missing_lines": 3, "excluded_lines": 0}, "missing_lines": [46, 48, 57], "excluded_lines": []}, "list_payment_orders": {"executed_lines": [], "summary": {"covered_lines": 0, "num_statements": 3, "percent_covered": 0.0, "percent_covered_display": "0", "missing_lines": 3, "excluded_lines": 0}, "missing_lines": [75, 77, 84], "excluded_lines": []}, "get_payment_order": {"executed_lines": [], "summary": {"covered_lines": 0, "num_statements": 5, "percent_covered": 0.0, "percent_covered_display": "0", "missing_lines": 5, "excluded_lines": 0}, "missing_lines": [99, 101, 106, 107, 109], "excluded_lines": []}, "create_wechat_jsapi_payment": {"executed_lines": [], "summary": {"covered_lines": 0, "num_statements": 15, "percent_covered": 0.0, "percent_covered_display": "0", "missing_lines": 15, "excluded_lines": 0}, "missing_lines": [123, 125, 127, 128, 132, 133, 135, 143, 144, 153, 154, 156, 162, 163, 164], "excluded_lines": []}, "create_wechat_native_payment": {"executed_lines": [], "summary": {"covered_lines": 0, "num_statements": 15, "percent_covered": 0.0, "percent_covered_display": "0", "missing_lines": 15, "excluded_lines": 0}, "missing_lines": [178, 180, 182, 183, 187, 188, 190, 198, 199, 207, 208, 210, 217, 218, 219], "excluded_lines": []}, "wechat_payment_notify": {"executed_lines": [], "summary": {"covered_lines": 0, "num_statements": 12, "percent_covered": 0.0, "percent_covered_display": "0", "missing_lines": 12, "excluded_lines": 0}, "missing_lines": [232, 234, 235, 237, 238, 240, 241, 243, 244, 246, 247, 248], "excluded_lines": []}, "get_user_balance": {"executed_lines": [], "summary": {"covered_lines": 0, "num_statements": 3, "percent_covered": 0.0, "percent_covered_display": "0", "missing_lines": 3, "excluded_lines": 0}, "missing_lines": [259, 260, 262], "excluded_lines": []}, "list_balance_transactions": {"executed_lines": [], "summary": {"covered_lines": 0, "num_statements": 6, "percent_covered": 0.0, "percent_covered_display": "0", "missing_lines": 6, "excluded_lines": 0}, "missing_lines": [275, 277, 279, 287, 288, 290], "excluded_lines": []}, "recharge_balance": {"executed_lines": [], "summary": {"covered_lines": 0, "num_statements": 7, "percent_covered": 0.0, "percent_covered_display": "0", "missing_lines": 7, "excluded_lines": 0}, "missing_lines": [304, 305, 307, 309, 316, 317, 325], "excluded_lines": []}, "_get_wechat_pay_service": {"executed_lines": [], "summary": {"covered_lines": 0, "num_statements": 2, "percent_covered": 0.0, "percent_covered_display": "0", "missing_lines": 2, "excluded_lines": 0}, "missing_lines": [338, 340], "excluded_lines": []}, "": {"executed_lines": [1, 7, 8, 10, 11, 13, 14, 15, 16, 25, 26, 28, 30, 33, 34, 60, 61, 90, 91, 112, 113, 167, 168, 222, 223, 251, 252, 265, 266, 293, 294, 332], "summary": {"covered_lines": 31, "num_statements": 31, "percent_covered": 100.0, "percent_covered_display": "100", "missing_lines": 0, "excluded_lines": 0}, "missing_lines": [], "excluded_lines": []}}, "classes": {"": {"executed_lines": [1, 7, 8, 10, 11, 13, 14, 15, 16, 25, 26, 28, 30, 33, 34, 60, 61, 90, 91, 112, 113, 167, 168, 222, 223, 251, 252, 265, 266, 293, 294, 332], "summary": {"covered_lines": 31, "num_statements": 102, "percent_covered": 30.392156862745097, "percent_covered_display": "30", "missing_lines": 71, "excluded_lines": 0}, "missing_lines": [46, 48, 57, 75, 77, 84, 99, 101, 106, 107, 109, 123, 125, 127, 128, 132, 133, 135, 143, 144, 153, 154, 156, 162, 163, 164, 178, 180, 182, 183, 187, 188, 190, 198, 199, 207, 208, 210, 217, 218, 219, 232, 234, 235, 237, 238, 240, 241, 243, 244, 246, 247, 248, 259, 260, 262, 275, 277, 279, 287, 288, 290, 304, 305, 307, 309, 316, 317, 325, 338, 340], "excluded_lines": []}}}, "app/api/v1/resources/__init__.py": {"executed_lines": [2, 4], "summary": {"covered_lines": 2, "num_statements": 2, "percent_covered": 100.0, "percent_covered_display": "100", "missing_lines": 0, "excluded_lines": 0}, "missing_lines": [], "excluded_lines": [], "functions": {"": {"executed_lines": [2, 4], "summary": {"covered_lines": 2, "num_statements": 2, "percent_covered": 100.0, "percent_covered_display": "100", "missing_lines": 0, "excluded_lines": 0}, "missing_lines": [], "excluded_lines": []}}, "classes": {"": {"executed_lines": [2, 4], "summary": {"covered_lines": 2, "num_statements": 2, "percent_covered": 100.0, "percent_covered_display": "100", "missing_lines": 0, "excluded_lines": 0}, "missing_lines": [], "excluded_lines": []}}}, "app/api/v1/resources/router.py": {"executed_lines": [1, 4, 6, 7, 9, 10, 11, 19, 21, 24, 25, 36, 37, 63, 64, 78, 79, 99, 100, 115, 116, 139, 140, 160, 161], "summary": {"covered_lines": 24, "num_statements": 58, "percent_covered": 41.37931034482759, "percent_covered_display": "41", "missing_lines": 34, "excluded_lines": 0}, "missing_lines": [31, 32, 33, 46, 47, 55, 69, 70, 72, 73, 75, 86, 87, 93, 94, 96, 106, 107, 109, 110, 112, 130, 131, 133, 134, 136, 151, 152, 154, 155, 157, 166, 167, 168], "excluded_lines": [], "functions": {"create_resource": {"executed_lines": [], "summary": {"covered_lines": 0, "num_statements": 3, "percent_covered": 0.0, "percent_covered_display": "0", "missing_lines": 3, "excluded_lines": 0}, "missing_lines": [31, 32, 33], "excluded_lines": []}, "list_resources": {"executed_lines": [], "summary": {"covered_lines": 0, "num_statements": 3, "percent_covered": 0.0, "percent_covered_display": "0", "missing_lines": 3, "excluded_lines": 0}, "missing_lines": [46, 47, 55], "excluded_lines": []}, "get_resource": {"executed_lines": [], "summary": {"covered_lines": 0, "num_statements": 5, "percent_covered": 0.0, "percent_covered_display": "0", "missing_lines": 5, "excluded_lines": 0}, "missing_lines": [69, 70, 72, 73, 75], "excluded_lines": []}, "update_resource": {"executed_lines": [], "summary": {"covered_lines": 0, "num_statements": 5, "percent_covered": 0.0, "percent_covered_display": "0", "missing_lines": 5, "excluded_lines": 0}, "missing_lines": [86, 87, 93, 94, 96], "excluded_lines": []}, "delete_resource": {"executed_lines": [], "summary": {"covered_lines": 0, "num_statements": 5, "percent_covered": 0.0, "percent_covered_display": "0", "missing_lines": 5, "excluded_lines": 0}, "missing_lines": [106, 107, 109, 110, 112], "excluded_lines": []}, "download_resource": {"executed_lines": [], "summary": {"covered_lines": 0, "num_statements": 5, "percent_covered": 0.0, "percent_covered_display": "0", "missing_lines": 5, "excluded_lines": 0}, "missing_lines": [130, 131, 133, 134, 136], "excluded_lines": []}, "review_resource": {"executed_lines": [], "summary": {"covered_lines": 0, "num_statements": 5, "percent_covered": 0.0, "percent_covered_display": "0", "missing_lines": 5, "excluded_lines": 0}, "missing_lines": [151, 152, 154, 155, 157], "excluded_lines": []}, "increment_view": {"executed_lines": [], "summary": {"covered_lines": 0, "num_statements": 3, "percent_covered": 0.0, "percent_covered_display": "0", "missing_lines": 3, "excluded_lines": 0}, "missing_lines": [166, 167, 168], "excluded_lines": []}, "": {"executed_lines": [1, 4, 6, 7, 9, 10, 11, 19, 21, 24, 25, 36, 37, 63, 64, 78, 79, 99, 100, 115, 116, 139, 140, 160, 161], "summary": {"covered_lines": 24, "num_statements": 24, "percent_covered": 100.0, "percent_covered_display": "100", "missing_lines": 0, "excluded_lines": 0}, "missing_lines": [], "excluded_lines": []}}, "classes": {"": {"executed_lines": [1, 4, 6, 7, 9, 10, 11, 19, 21, 24, 25, 36, 37, 63, 64, 78, 79, 99, 100, 115, 116, 139, 140, 160, 161], "summary": {"covered_lines": 24, "num_statements": 58, "percent_covered": 41.37931034482759, "percent_covered_display": "41", "missing_lines": 34, "excluded_lines": 0}, "missing_lines": [31, 32, 33, 46, 47, 55, 69, 70, 72, 73, 75, 86, 87, 93, 94, 96, 106, 107, 109, 110, 112, 130, 131, 133, 134, 136, 151, 152, 154, 155, 157, 166, 167, 168], "excluded_lines": []}}}, "app/api/v1/users/__init__.py": {"executed_lines": [2, 4], "summary": {"covered_lines": 2, "num_statements": 2, "percent_covered": 100.0, "percent_covered_display": "100", "missing_lines": 0, "excluded_lines": 0}, "missing_lines": [], "excluded_lines": [], "functions": {"": {"executed_lines": [2, 4], "summary": {"covered_lines": 2, "num_statements": 2, "percent_covered": 100.0, "percent_covered_display": "100", "missing_lines": 0, "excluded_lines": 0}, "missing_lines": [], "excluded_lines": []}}, "classes": {"": {"executed_lines": [2, 4], "summary": {"covered_lines": 2, "num_statements": 2, "percent_covered": 100.0, "percent_covered_display": "100", "missing_lines": 0, "excluded_lines": 0}, "missing_lines": [], "excluded_lines": []}}}, "app/api/v1/users/router.py": {"executed_lines": [1, 4, 6, 7, 8, 10, 13, 14, 15], "summary": {"covered_lines": 8, "num_statements": 8, "percent_covered": 100.0, "percent_covered_display": "100", "missing_lines": 0, "excluded_lines": 0}, "missing_lines": [], "excluded_lines": [], "functions": {"read_current_user": {"executed_lines": [15], "summary": {"covered_lines": 1, "num_statements": 1, "percent_covered": 100.0, "percent_covered_display": "100", "missing_lines": 0, "excluded_lines": 0}, "missing_lines": [], "excluded_lines": []}, "": {"executed_lines": [1, 4, 6, 7, 8, 10, 13, 14], "summary": {"covered_lines": 7, "num_statements": 7, "percent_covered": 100.0, "percent_covered_display": "100", "missing_lines": 0, "excluded_lines": 0}, "missing_lines": [], "excluded_lines": []}}, "classes": {"": {"executed_lines": [1, 4, 6, 7, 8, 10, 13, 14, 15], "summary": {"covered_lines": 8, "num_statements": 8, "percent_covered": 100.0, "percent_covered_display": "100", "missing_lines": 0, "excluded_lines": 0}, "missing_lines": [], "excluded_lines": []}}}, "app/celery_app.py": {"executed_lines": [], "summary": {"covered_lines": 0, "num_statements": 3, "percent_covered": 0.0, "percent_covered_display": "0", "missing_lines": 3, "excluded_lines": 0}, "missing_lines": [1, 3, 5], "excluded_lines": [], "functions": {"": {"executed_lines": [], "summary": {"covered_lines": 0, "num_statements": 3, "percent_covered": 0.0, "percent_covered_display": "0", "missing_lines": 3, "excluded_lines": 0}, "missing_lines": [1, 3, 5], "excluded_lines": []}}, "classes": {"": {"executed_lines": [], "summary": {"covered_lines": 0, "num_statements": 3, "percent_covered": 0.0, "percent_covered_display": "0", "missing_lines": 3, "excluded_lines": 0}, "missing_lines": [1, 3, 5], "excluded_lines": []}}}, "app/core/__init__.py": {"executed_lines": [1], "summary": {"covered_lines": 0, "num_statements": 0, "percent_covered": 100.0, "percent_covered_display": "100", "missing_lines": 0, "excluded_lines": 0}, "missing_lines": [], "excluded_lines": [], "functions": {"": {"executed_lines": [1], "summary": {"covered_lines": 0, "num_statements": 0, "percent_covered": 100.0, "percent_covered_display": "100", "missing_lines": 0, "excluded_lines": 0}, "missing_lines": [], "excluded_lines": []}}, "classes": {"": {"executed_lines": [1], "summary": {"covered_lines": 0, "num_statements": 0, "percent_covered": 100.0, "percent_covered_display": "100", "missing_lines": 0, "excluded_lines": 0}, "missing_lines": [], "excluded_lines": []}}}, "app/core/config.py": {"executed_lines": [1, 2, 4, 5, 8, 9, 10, 12, 14, 15, 16, 18, 19, 20, 22, 24, 25, 26, 27, 29, 30, 34, 35, 36, 37, 40, 41, 42, 45, 46, 47, 48, 51, 54, 55, 56, 60, 62, 68], "summary": {"covered_lines": 39, "num_statements": 41, "percent_covered": 95.1219512195122, "percent_covered_display": "95", "missing_lines": 2, "excluded_lines": 0}, "missing_lines": [28, 31], "excluded_lines": [], "functions": {"Settings.assemble_cors_origins": {"executed_lines": [27, 29, 30], "summary": {"covered_lines": 3, "num_statements": 5, "percent_covered": 60.0, "percent_covered_display": "60", "missing_lines": 2, "excluded_lines": 0}, "missing_lines": [28, 31], "excluded_lines": []}, "": {"executed_lines": [1, 2, 4, 5, 8, 9, 10, 12, 14, 15, 16, 18, 19, 20, 22, 24, 25, 26, 34, 35, 36, 37, 40, 41, 42, 45, 46, 47, 48, 51, 54, 55, 56, 60, 62, 68], "summary": {"covered_lines": 36, "num_statements": 36, "percent_covered": 100.0, "percent_covered_display": "100", "missing_lines": 0, "excluded_lines": 0}, "missing_lines": [], "excluded_lines": []}}, "classes": {"Settings": {"executed_lines": [27, 29, 30], "summary": {"covered_lines": 3, "num_statements": 5, "percent_covered": 60.0, "percent_covered_display": "60", "missing_lines": 2, "excluded_lines": 0}, "missing_lines": [28, 31], "excluded_lines": []}, "": {"executed_lines": [1, 2, 4, 5, 8, 9, 10, 12, 14, 15, 16, 18, 19, 20, 22, 24, 25, 26, 34, 35, 36, 37, 40, 41, 42, 45, 46, 47, 48, 51, 54, 55, 56, 60, 62, 68], "summary": {"covered_lines": 36, "num_statements": 36, "percent_covered": 100.0, "percent_covered_display": "100", "missing_lines": 0, "excluded_lines": 0}, "missing_lines": [], "excluded_lines": []}}}, "app/core/deps.py": {"executed_lines": [1, 5, 6, 7, 9, 10, 11, 12, 13, 16, 38, 41, 42, 43, 50, 53, 54, 56, 59, 62, 109, 122, 128, 134, 139], "summary": {"covered_lines": 24, "num_statements": 52, "percent_covered": 46.15384615384615, "percent_covered_display": "46", "missing_lines": 28, "excluded_lines": 0}, "missing_lines": [39, 44, 46, 47, 48, 51, 57, 83, 84, 86, 87, 88, 89, 90, 91, 92, 94, 95, 97, 98, 100, 101, 103, 104, 106, 123, 129, 135], "excluded_lines": [], "functions": {"get_current_user": {"executed_lines": [38, 41, 42, 43, 50, 53, 54, 56, 59], "summary": {"covered_lines": 9, "num_statements": 16, "percent_covered": 56.25, "percent_covered_display": "56", "missing_lines": 7, "excluded_lines": 0}, "missing_lines": [39, 44, 46, 47, 48, 51, 57], "excluded_lines": []}, "require_admin": {"executed_lines": [], "summary": {"covered_lines": 0, "num_statements": 18, "percent_covered": 0.0, "percent_covered_display": "0", "missing_lines": 18, "excluded_lines": 0}, "missing_lines": [83, 84, 86, 87, 88, 89, 90, 91, 92, 94, 95, 97, 98, 100, 101, 103, 104, 106], "excluded_lines": []}, "get_current_active_user": {"executed_lines": [122, 128, 134, 139], "summary": {"covered_lines": 4, "num_statements": 7, "percent_covered": 57.142857142857146, "percent_covered_display": "57", "missing_lines": 3, "excluded_lines": 0}, "missing_lines": [123, 129, 135], "excluded_lines": []}, "": {"executed_lines": [1, 5, 6, 7, 9, 10, 11, 12, 13, 16, 62, 109], "summary": {"covered_lines": 11, "num_statements": 11, "percent_covered": 100.0, "percent_covered_display": "100", "missing_lines": 0, "excluded_lines": 0}, "missing_lines": [], "excluded_lines": []}}, "classes": {"": {"executed_lines": [1, 5, 6, 7, 9, 10, 11, 12, 13, 16, 38, 41, 42, 43, 50, 53, 54, 56, 59, 62, 109, 122, 128, 134, 139], "summary": {"covered_lines": 24, "num_statements": 52, "percent_covered": 46.15384615384615, "percent_covered_display": "46", "missing_lines": 28, "excluded_lines": 0}, "missing_lines": [39, 44, 46, 47, 48, 51, 57, 83, 84, 86, 87, 88, 89, 90, 91, 92, 94, 95, 97, 98, 100, 101, 103, 104, 106, 123, 129, 135], "excluded_lines": []}}}, "app/core/exceptions.py": {"executed_lines": [1, 5, 6, 8, 9, 12, 13, 16, 17, 18, 19, 20, 21, 22, 25, 26, 27, 28, 29, 32, 33, 34, 35, 38, 39, 40, 43, 44, 45, 46, 47, 48, 49, 52, 53, 54, 55, 56, 59, 60, 61, 62, 63, 64, 67, 68, 69, 70, 73, 74, 75, 76, 77, 78, 79, 80, 81, 84, 138, 192, 193, 195, 202, 203, 204, 205, 208, 209, 215], "summary": {"covered_lines": 66, "num_statements": 67, "percent_covered": 98.50746268656717, "percent_covered_display": "99", "missing_lines": 1, "excluded_lines": 0}, "missing_lines": [216], "excluded_lines": [], "functions": {"BusinessException.__init__": {"executed_lines": [202, 203, 204, 205], "summary": {"covered_lines": 4, "num_statements": 4, "percent_covered": 100.0, "percent_covered_display": "100", "missing_lines": 0, "excluded_lines": 0}, "missing_lines": [], "excluded_lines": []}, "business_exception_handler": {"executed_lines": [209], "summary": {"covered_lines": 1, "num_statements": 1, "percent_covered": 100.0, "percent_covered_display": "100", "missing_lines": 0, "excluded_lines": 0}, "missing_lines": [], "excluded_lines": []}, "generic_exception_handler": {"executed_lines": [], "summary": {"covered_lines": 0, "num_statements": 1, "percent_covered": 0.0, "percent_covered_display": "0", "missing_lines": 1, "excluded_lines": 0}, "missing_lines": [216], "excluded_lines": []}, "": {"executed_lines": [1, 5, 6, 8, 9, 12, 13, 16, 17, 18, 19, 20, 21, 22, 25, 26, 27, 28, 29, 32, 33, 34, 35, 38, 39, 40, 43, 44, 45, 46, 47, 48, 49, 52, 53, 54, 55, 56, 59, 60, 61, 62, 63, 64, 67, 68, 69, 70, 73, 74, 75, 76, 77, 78, 79, 80, 81, 84, 138, 192, 193, 195, 208, 215], "summary": {"covered_lines": 61, "num_statements": 61, "percent_covered": 100.0, "percent_covered_display": "100", "missing_lines": 0, "excluded_lines": 0}, "missing_lines": [], "excluded_lines": []}}, "classes": {"ErrorCode": {"executed_lines": [], "summary": {"covered_lines": 0, "num_statements": 0, "percent_covered": 100.0, "percent_covered_display": "100", "missing_lines": 0, "excluded_lines": 0}, "missing_lines": [], "excluded_lines": []}, "BusinessException": {"executed_lines": [202, 203, 204, 205], "summary": {"covered_lines": 4, "num_statements": 4, "percent_covered": 100.0, "percent_covered_display": "100", "missing_lines": 0, "excluded_lines": 0}, "missing_lines": [], "excluded_lines": []}, "": {"executed_lines": [1, 5, 6, 8, 9, 12, 13, 16, 17, 18, 19, 20, 21, 22, 25, 26, 27, 28, 29, 32, 33, 34, 35, 38, 39, 40, 43, 44, 45, 46, 47, 48, 49, 52, 53, 54, 55, 56, 59, 60, 61, 62, 63, 64, 67, 68, 69, 70, 73, 74, 75, 76, 77, 78, 79, 80, 81, 84, 138, 192, 193, 195, 208, 209, 215], "summary": {"covered_lines": 62, "num_statements": 63, "percent_covered": 98.41269841269842, "percent_covered_display": "98", "missing_lines": 1, "excluded_lines": 0}, "missing_lines": [216], "excluded_lines": []}}}, "app/core/security.py": {"executed_lines": [1, 5, 6, 7, 8, 9, 11, 12, 13, 15, 19, 27, 29, 32, 34, 35, 36, 37, 40, 42, 47, 48, 51, 52, 55, 56, 57, 58, 61, 68, 73, 78], "summary": {"covered_lines": 31, "num_statements": 31, "percent_covered": 100.0, "percent_covered_display": "100", "missing_lines": 0, "excluded_lines": 0}, "missing_lines": [], "excluded_lines": [], "functions": {"hash_password": {"executed_lines": [29], "summary": {"covered_lines": 1, "num_statements": 1, "percent_covered": 100.0, "percent_covered_display": "100", "missing_lines": 0, "excluded_lines": 0}, "missing_lines": [], "excluded_lines": []}, "verify_password": {"executed_lines": [34, 35, 36, 37], "summary": {"covered_lines": 4, "num_statements": 4, "percent_covered": 100.0, "percent_covered_display": "100", "missing_lines": 0, "excluded_lines": 0}, "missing_lines": [], "excluded_lines": []}, "needs_rehash": {"executed_lines": [42], "summary": {"covered_lines": 1, "num_statements": 1, "percent_covered": 100.0, "percent_covered_display": "100", "missing_lines": 0, "excluded_lines": 0}, "missing_lines": [], "excluded_lines": []}, "create_access_token": {"executed_lines": [48, 51, 52], "summary": {"covered_lines": 3, "num_statements": 3, "percent_covered": 100.0, "percent_covered_display": "100", "missing_lines": 0, "excluded_lines": 0}, "missing_lines": [], "excluded_lines": []}, "create_refresh_token": {"executed_lines": [56, 57, 58], "summary": {"covered_lines": 3, "num_statements": 3, "percent_covered": 100.0, "percent_covered_display": "100", "missing_lines": 0, "excluded_lines": 0}, "missing_lines": [], "excluded_lines": []}, "decode_token": {"executed_lines": [68], "summary": {"covered_lines": 1, "num_statements": 1, "percent_covered": 100.0, "percent_covered_display": "100", "missing_lines": 0, "excluded_lines": 0}, "missing_lines": [], "excluded_lines": []}, "generate_phone_blind_index": {"executed_lines": [78], "summary": {"covered_lines": 1, "num_statements": 1, "percent_covered": 100.0, "percent_covered_display": "100", "missing_lines": 0, "excluded_lines": 0}, "missing_lines": [], "excluded_lines": []}, "": {"executed_lines": [1, 5, 6, 7, 8, 9, 11, 12, 13, 15, 19, 27, 32, 40, 47, 55, 61, 73], "summary": {"covered_lines": 17, "num_statements": 17, "percent_covered": 100.0, "percent_covered_display": "100", "missing_lines": 0, "excluded_lines": 0}, "missing_lines": [], "excluded_lines": []}}, "classes": {"": {"executed_lines": [1, 5, 6, 7, 8, 9, 11, 12, 13, 15, 19, 27, 29, 32, 34, 35, 36, 37, 40, 42, 47, 48, 51, 52, 55, 56, 57, 58, 61, 68, 73, 78], "summary": {"covered_lines": 31, "num_statements": 31, "percent_covered": 100.0, "percent_covered_display": "100", "missing_lines": 0, "excluded_lines": 0}, "missing_lines": [], "excluded_lines": []}}}, "app/db/__init__.py": {"executed_lines": [1], "summary": {"covered_lines": 0, "num_statements": 0, "percent_covered": 100.0, "percent_covered_display": "100", "missing_lines": 0, "excluded_lines": 0}, "missing_lines": [], "excluded_lines": [], "functions": {"": {"executed_lines": [1], "summary": {"covered_lines": 0, "num_statements": 0, "percent_covered": 100.0, "percent_covered_display": "100", "missing_lines": 0, "excluded_lines": 0}, "missing_lines": [], "excluded_lines": []}}, "classes": {"": {"executed_lines": [1], "summary": {"covered_lines": 0, "num_statements": 0, "percent_covered": 100.0, "percent_covered_display": "100", "missing_lines": 0, "excluded_lines": 0}, "missing_lines": [], "excluded_lines": []}}}, "app/db/base.py": {"executed_lines": [], "summary": {"covered_lines": 0, "num_statements": 0, "percent_covered": 100.0, "percent_covered_display": "100", "missing_lines": 0, "excluded_lines": 0}, "missing_lines": [], "excluded_lines": [], "functions": {"": {"executed_lines": [], "summary": {"covered_lines": 0, "num_statements": 0, "percent_covered": 100.0, "percent_covered_display": "100", "missing_lines": 0, "excluded_lines": 0}, "missing_lines": [], "excluded_lines": []}}, "classes": {"": {"executed_lines": [], "summary": {"covered_lines": 0, "num_statements": 0, "percent_covered": 100.0, "percent_covered_display": "100", "missing_lines": 0, "excluded_lines": 0}, "missing_lines": [], "excluded_lines": []}}}, "app/db/session.py": {"executed_lines": [1, 3, 4, 6, 7, 10, 11, 12, 13, 15, 18, 20, 21, 22, 23, 24, 26, 28], "summary": {"covered_lines": 18, "num_statements": 22, "percent_covered": 81.81818181818181, "percent_covered_display": "82", "missing_lines": 4, "excluded_lines": 0}, "missing_lines": [29, 30, 31, 33], "excluded_lines": [], "functions": {"get_db": {"executed_lines": [], "summary": {"covered_lines": 0, "num_statements": 4, "percent_covered": 0.0, "percent_covered_display": "0", "missing_lines": 4, "excluded_lines": 0}, "missing_lines": [29, 30, 31, 33], "excluded_lines": []}, "": {"executed_lines": [1, 3, 4, 6, 7, 10, 11, 12, 13, 15, 18, 20, 21, 22, 23, 24, 26, 28], "summary": {"covered_lines": 18, "num_statements": 18, "percent_covered": 100.0, "percent_covered_display": "100", "missing_lines": 0, "excluded_lines": 0}, "missing_lines": [], "excluded_lines": []}}, "classes": {"": {"executed_lines": [1, 3, 4, 6, 7, 10, 11, 12, 13, 15, 18, 20, 21, 22, 23, 24, 26, 28], "summary": {"covered_lines": 18, "num_statements": 22, "percent_covered": 81.81818181818181, "percent_covered_display": "82", "missing_lines": 4, "excluded_lines": 0}, "missing_lines": [29, 30, 31, 33], "excluded_lines": []}}}, "app/main.py": {"executed_lines": [1, 4, 5, 7, 8, 9, 15, 23, 24, 27, 37, 40, 41, 42], "summary": {"covered_lines": 13, "num_statements": 14, "percent_covered": 92.85714285714286, "percent_covered_display": "93", "missing_lines": 1, "excluded_lines": 0}, "missing_lines": [28], "excluded_lines": [], "functions": {"health_check": {"executed_lines": [42], "summary": {"covered_lines": 1, "num_statements": 1, "percent_covered": 100.0, "percent_covered_display": "100", "missing_lines": 0, "excluded_lines": 0}, "missing_lines": [], "excluded_lines": []}, "": {"executed_lines": [1, 4, 5, 7, 8, 9, 15, 23, 24, 27, 37, 40, 41], "summary": {"covered_lines": 12, "num_statements": 13, "percent_covered": 92.3076923076923, "percent_covered_display": "92", "missing_lines": 1, "excluded_lines": 0}, "missing_lines": [28], "excluded_lines": []}}, "classes": {"": {"executed_lines": [1, 4, 5, 7, 8, 9, 15, 23, 24, 27, 37, 40, 41, 42], "summary": {"covered_lines": 13, "num_statements": 14, "percent_covered": 92.85714285714286, "percent_covered_display": "93", "missing_lines": 1, "excluded_lines": 0}, "missing_lines": [28], "excluded_lines": []}}}, "app/models/__init__.py": {"executed_lines": [1, 4, 6, 7, 10, 11, 14, 15, 17, 22, 30, 31, 32, 33, 34, 35, 43, 44, 45, 46, 47, 48, 49, 50, 52], "summary": {"covered_lines": 23, "num_statements": 23, "percent_covered": 100.0, "percent_covered_display": "100", "missing_lines": 0, "excluded_lines": 0}, "missing_lines": [], "excluded_lines": [], "functions": {"": {"executed_lines": [1, 4, 6, 7, 10, 11, 14, 15, 17, 22, 30, 31, 32, 33, 34, 35, 43, 44, 45, 46, 47, 48, 49, 50, 52], "summary": {"covered_lines": 23, "num_statements": 23, "percent_covered": 100.0, "percent_covered_display": "100", "missing_lines": 0, "excluded_lines": 0}, "missing_lines": [], "excluded_lines": []}}, "classes": {"Base": {"executed_lines": [], "summary": {"covered_lines": 0, "num_statements": 0, "percent_covered": 100.0, "percent_covered_display": "100", "missing_lines": 0, "excluded_lines": 0}, "missing_lines": [], "excluded_lines": []}, "TimestampMixin": {"executed_lines": [], "summary": {"covered_lines": 0, "num_statements": 0, "percent_covered": 100.0, "percent_covered_display": "100", "missing_lines": 0, "excluded_lines": 0}, "missing_lines": [], "excluded_lines": []}, "": {"executed_lines": [1, 4, 6, 7, 10, 11, 14, 15, 17, 22, 30, 31, 32, 33, 34, 35, 43, 44, 45, 46, 47, 48, 49, 50, 52], "summary": {"covered_lines": 23, "num_statements": 23, "percent_covered": 100.0, "percent_covered_display": "100", "missing_lines": 0, "excluded_lines": 0}, "missing_lines": [], "excluded_lines": []}}}, "app/models/administrators.py": {"executed_lines": [1, 4, 5, 7, 8, 9, 11, 14, 15, 16, 18, 19, 20, 21, 22, 23, 24, 25, 28, 29, 30, 32, 33, 34, 35, 36, 37, 38, 39, 40, 41, 42], "summary": {"covered_lines": 29, "num_statements": 29, "percent_covered": 100.0, "percent_covered_display": "100", "missing_lines": 0, "excluded_lines": 0}, "missing_lines": [], "excluded_lines": [], "functions": {"": {"executed_lines": [1, 4, 5, 7, 8, 9, 11, 14, 15, 16, 18, 19, 20, 21, 22, 23, 24, 25, 28, 29, 30, 32, 33, 34, 35, 36, 37, 38, 39, 40, 41, 42], "summary": {"covered_lines": 29, "num_statements": 29, "percent_covered": 100.0, "percent_covered_display": "100", "missing_lines": 0, "excluded_lines": 0}, "missing_lines": [], "excluded_lines": []}}, "classes": {"AdminUser": {"executed_lines": [], "summary": {"covered_lines": 0, "num_statements": 0, "percent_covered": 100.0, "percent_covered_display": "100", "missing_lines": 0, "excluded_lines": 0}, "missing_lines": [], "excluded_lines": []}, "AdminAuditLog": {"executed_lines": [], "summary": {"covered_lines": 0, "num_statements": 0, "percent_covered": 100.0, "percent_covered_display": "100", "missing_lines": 0, "excluded_lines": 0}, "missing_lines": [], "excluded_lines": []}, "": {"executed_lines": [1, 4, 5, 7, 8, 9, 11, 14, 15, 16, 18, 19, 20, 21, 22, 23, 24, 25, 28, 29, 30, 32, 33, 34, 35, 36, 37, 38, 39, 40, 41, 42], "summary": {"covered_lines": 29, "num_statements": 29, "percent_covered": 100.0, "percent_covered_display": "100", "missing_lines": 0, "excluded_lines": 0}, "missing_lines": [], "excluded_lines": []}}}, "app/models/ai_message.py": {"executed_lines": [1, 4, 5, 7, 17, 18, 20, 22, 26, 27, 29, 30, 36, 37, 38, 39, 41, 42, 44, 45, 47, 49, 51, 53], "summary": {"covered_lines": 22, "num_statements": 22, "percent_covered": 100.0, "percent_covered_display": "100", "missing_lines": 0, "excluded_lines": 2}, "missing_lines": [], "excluded_lines": [22, 23], "functions": {"": {"executed_lines": [1, 4, 5, 7, 17, 18, 20, 22, 26, 27, 29, 30, 36, 37, 38, 39, 41, 42, 44, 45, 47, 49, 51, 53], "summary": {"covered_lines": 22, "num_statements": 22, "percent_covered": 100.0, "percent_covered_display": "100", "missing_lines": 0, "excluded_lines": 2}, "missing_lines": [], "excluded_lines": [22, 23]}}, "classes": {"AIMessage": {"executed_lines": [], "summary": {"covered_lines": 0, "num_statements": 0, "percent_covered": 100.0, "percent_covered_display": "100", "missing_lines": 0, "excluded_lines": 0}, "missing_lines": [], "excluded_lines": []}, "": {"executed_lines": [1, 4, 5, 7, 17, 18, 20, 22, 26, 27, 29, 30, 36, 37, 38, 39, 41, 42, 44, 45, 47, 49, 51, 53], "summary": {"covered_lines": 22, "num_statements": 22, "percent_covered": 100.0, "percent_covered_display": "100", "missing_lines": 0, "excluded_lines": 2}, "missing_lines": [], "excluded_lines": [22, 23]}}}, "app/models/ai_session.py": {"executed_lines": [1, 4, 5, 7, 8, 9, 11, 13, 17, 18, 20, 21, 23, 24, 25, 26, 28, 29, 30, 31, 32, 34, 36, 37, 39, 41], "summary": {"covered_lines": 24, "num_statements": 24, "percent_covered": 100.0, "percent_covered_display": "100", "missing_lines": 0, "excluded_lines": 2}, "missing_lines": [], "excluded_lines": [13, 14], "functions": {"": {"executed_lines": [1, 4, 5, 7, 8, 9, 11, 13, 17, 18, 20, 21, 23, 24, 25, 26, 28, 29, 30, 31, 32, 34, 36, 37, 39, 41], "summary": {"covered_lines": 24, "num_statements": 24, "percent_covered": 100.0, "percent_covered_display": "100", "missing_lines": 0, "excluded_lines": 2}, "missing_lines": [], "excluded_lines": [13, 14]}}, "classes": {"AISession": {"executed_lines": [], "summary": {"covered_lines": 0, "num_statements": 0, "percent_covered": 100.0, "percent_covered_display": "100", "missing_lines": 0, "excluded_lines": 0}, "missing_lines": [], "excluded_lines": []}, "": {"executed_lines": [1, 4, 5, 7, 8, 9, 11, 13, 17, 18, 20, 21, 23, 24, 25, 26, 28, 29, 30, 31, 32, 34, 36, 37, 39, 41], "summary": {"covered_lines": 24, "num_statements": 24, "percent_covered": 100.0, "percent_covered_display": "100", "missing_lines": 0, "excluded_lines": 2}, "missing_lines": [], "excluded_lines": [13, 14]}}}, "app/models/feedback.py": {"executed_lines": [1, 4, 5, 6, 8, 9, 10, 11, 13, 16, 17, 18, 19, 20, 23, 24, 26, 27, 28, 29, 33, 34, 35, 39], "summary": {"covered_lines": 22, "num_statements": 22, "percent_covered": 100.0, "percent_covered_display": "100", "missing_lines": 0, "excluded_lines": 0}, "missing_lines": [], "excluded_lines": [], "functions": {"": {"executed_lines": [1, 4, 5, 6, 8, 9, 10, 11, 13, 16, 17, 18, 19, 20, 23, 24, 26, 27, 28, 29, 33, 34, 35, 39], "summary": {"covered_lines": 22, "num_statements": 22, "percent_covered": 100.0, "percent_covered_display": "100", "missing_lines": 0, "excluded_lines": 0}, "missing_lines": [], "excluded_lines": []}}, "classes": {"FeedbackStatus": {"executed_lines": [], "summary": {"covered_lines": 0, "num_statements": 0, "percent_covered": 100.0, "percent_covered_display": "100", "missing_lines": 0, "excluded_lines": 0}, "missing_lines": [], "excluded_lines": []}, "Feedback": {"executed_lines": [], "summary": {"covered_lines": 0, "num_statements": 0, "percent_covered": 100.0, "percent_covered_display": "100", "missing_lines": 0, "excluded_lines": 0}, "missing_lines": [], "excluded_lines": []}, "": {"executed_lines": [1, 4, 5, 6, 8, 9, 10, 11, 13, 16, 17, 18, 19, 20, 23, 24, 26, 27, 28, 29, 33, 34, 35, 39], "summary": {"covered_lines": 22, "num_statements": 22, "percent_covered": 100.0, "percent_covered_display": "100", "missing_lines": 0, "excluded_lines": 0}, "missing_lines": [], "excluded_lines": []}}}, "app/models/file_meta.py": {"executed_lines": [1, 4, 5, 6, 8, 9, 10, 12, 15, 16, 17, 18, 19, 20, 21, 22, 25, 26, 27, 28, 29, 32, 33, 34, 35, 36, 39, 40, 43, 46, 47, 48, 49, 50, 53, 56, 57, 60, 63, 64, 67, 70, 71, 74, 76, 81, 82, 83, 86, 89], "summary": {"covered_lines": 46, "num_statements": 46, "percent_covered": 100.0, "percent_covered_display": "100", "missing_lines": 0, "excluded_lines": 0}, "missing_lines": [], "excluded_lines": [], "functions": {"": {"executed_lines": [1, 4, 5, 6, 8, 9, 10, 12, 15, 16, 17, 18, 19, 20, 21, 22, 25, 26, 27, 28, 29, 32, 33, 34, 35, 36, 39, 40, 43, 46, 47, 48, 49, 50, 53, 56, 57, 60, 63, 64, 67, 70, 71, 74, 76, 81, 82, 83, 86, 89], "summary": {"covered_lines": 46, "num_statements": 46, "percent_covered": 100.0, "percent_covered_display": "100", "missing_lines": 0, "excluded_lines": 0}, "missing_lines": [], "excluded_lines": []}}, "classes": {"FileStatus": {"executed_lines": [], "summary": {"covered_lines": 0, "num_statements": 0, "percent_covered": 100.0, "percent_covered_display": "100", "missing_lines": 0, "excluded_lines": 0}, "missing_lines": [], "excluded_lines": []}, "LifecycleStatus": {"executed_lines": [], "summary": {"covered_lines": 0, "num_statements": 0, "percent_covered": 100.0, "percent_covered_display": "100", "missing_lines": 0, "excluded_lines": 0}, "missing_lines": [], "excluded_lines": []}, "TargetType": {"executed_lines": [], "summary": {"covered_lines": 0, "num_statements": 0, "percent_covered": 100.0, "percent_covered_display": "100", "missing_lines": 0, "excluded_lines": 0}, "missing_lines": [], "excluded_lines": []}, "FileMeta": {"executed_lin
[...]
"missing_lines": [227, 236, 249], "excluded_lines": [], "functions": {"ResourceService.__init__": {"executed_lines": [22], "summary": {"covered_lines": 1, "num_statements": 1, "percent_covered": 100.0, "percent_covered_display": "100", "missing_lines": 0, "excluded_lines": 0}, "missing_lines": [], "excluded_lines": []}, "ResourceService.create_resource": {"executed_lines": [30, 42, 43, 44, 45], "summary": {"covered_lines": 5, "num_statements": 5, "percent_covered": 100.0, "percent_covered_display": "100", "missing_lines": 0, "excluded_lines": 0}, "missing_lines": [], "excluded_lines": []}, "ResourceService.get_resource": {"executed_lines": [53, 59, 60, 62, 63, 64, 66], "summary": {"covered_lines": 7, "num_statements": 7, "percent_covered": 100.0, "percent_covered_display": "100", "missing_lines": 0, "excluded_lines": 0}, "missing_lines": [], "excluded_lines": []}, "ResourceService.get_previews": {"executed_lines": [70, 74, 75], "summary": {"covered_lines": 3, "num_statements": 3, "percent_covered": 100.0, "percent_covered_display": "100", "missing_lines": 0, "excluded_lines": 0}, "missing_lines": [], "excluded_lines": []}, "ResourceService.list_resources": {"executed_lines": [86, 91, 92, 94, 95, 102, 103, 105, 112, 114, 122, 123, 125], "summary": {"covered_lines": 13, "num_statements": 13, "percent_covered": 100.0, "percent_covered_display": "100", "missing_lines": 0, "excluded_lines": 0}, "missing_lines": [], "excluded_lines": []}, "ResourceService.update_resource": {"executed_lines": [134, 139, 140, 142, 143, 145, 146, 147, 148, 149, 151, 152, 153], "summary": {"covered_lines": 13, "num_statements": 13, "percent_covered": 100.0, "percent_covered_display": "100", "missing_lines": 0, "excluded_lines": 0}, "missing_lines": [], "excluded_lines": []}, "ResourceService.delete_resource": {"executed_lines": [161, 162, 163, 165, 166, 167], "summary": {"covered_lines": 6, "num_statements": 6, "percent_covered": 100.0, "percent_covered_display": "100", "missing_lines": 0, "excluded_lines": 0}, "missing_lines": [], "excluded_lines": []}, "ResourceService.get_resource_admin": {"executed_lines": [175, 180, 181, 183, 184], "summary": {"covered_lines": 5, "num_statements": 5, "percent_covered": 100.0, "percent_covered_display": "100", "missing_lines": 0, "excluded_lines": 0}, "missing_lines": [], "excluded_lines": []}, "ResourceService.review_resource": {"executed_lines": [192, 193, 194, 196, 197, 198, 199], "summary": {"covered_lines": 7, "num_statements": 7, "percent_covered": 100.0, "percent_covered_display": "100", "missing_lines": 0, "excluded_lines": 0}, "missing_lines": [], "excluded_lines": []}, "ResourceService.add_preview": {"executed_lines": [208, 215, 216, 217, 218], "summary": {"covered_lines": 5, "num_statements": 5, "percent_covered": 100.0, "percent_covered_display": "100", "missing_lines": 0, "excluded_lines": 0}, "missing_lines": [], "excluded_lines": []}, "ResourceService.increment_view": {"executed_lines": [222, 223, 224, 225, 226], "summary": {"covered_lines": 5, "num_statements": 6, "percent_covered": 83.33333333333333, "percent_covered_display": "83", "missing_lines": 1, "excluded_lines": 0}, "missing_lines": [227], "excluded_lines": []}, "ResourceService.increment_download": {"executed_lines": [231, 232, 233, 234, 235], "summary": {"covered_lines": 5, "num_statements": 6, "percent_covered": 83.33333333333333, "percent_covered_display": "83", "missing_lines": 1, "excluded_lines": 0}, "missing_lines": [236], "excluded_lines": []}, "ResourceService.update_heat_score": {"executed_lines": [244, 245, 246, 247, 248], "summary": {"covered_lines": 5, "num_statements": 6, "percent_covered": 83.33333333333333, "percent_covered_display": "83", "missing_lines": 1, "excluded_lines": 0}, "missing_lines": [249], "excluded_lines": []}, "": {"executed_lines": [1, 4, 5, 7, 8, 10, 11, 18, 19, 21, 24, 47, 68, 77, 127, 155, 169, 186, 201, 220, 229, 238], "summary": {"covered_lines": 20, "num_statements": 20, "percent_covered": 100.0, "percent_covered_display": "100", "missing_lines": 0, "excluded_lines": 0}, "missing_lines": [], "excluded_lines": []}}, "classes": {"ResourceService": {"executed_lines": [22, 30, 42, 43, 44, 45, 53, 59, 60, 62, 63, 64, 66, 70, 74, 75, 86, 91, 92, 94, 95, 102, 103, 105, 112, 114, 122, 123, 125, 134, 139, 140, 142, 143, 145, 146, 147, 148, 149, 151, 152, 153, 161, 162, 163, 165, 166, 167, 175, 180, 181, 183, 184, 192, 193, 194, 196, 197, 198, 199, 208, 215, 216, 217, 218, 222, 223, 224, 225, 226, 231, 232, 233, 234, 235, 244, 245, 246, 247, 248], "summary": {"covered_lines": 80, "num_statements": 83, "percent_covered": 96.3855421686747, "percent_covered_display": "96", "missing_lines": 3, "excluded_lines": 0}, "missing_lines": [227, 236, 249], "excluded_lines": []}, "": {"executed_lines": [1, 4, 5, 7, 8, 10, 11, 18, 19, 21, 24, 47, 68, 77, 127, 155, 169, 186, 201, 220, 229, 238], "summary": {"covered_lines": 20, "num_statements": 20, "percent_covered": 100.0, "percent_covered_display": "100", "missing_lines": 0, "excluded_lines": 0}, "missing_lines": [], "excluded_lines": []}}}, "app/services/sensitive_word_service.py": {"executed_lines": [1, 7, 8, 9, 10, 11, 13, 14, 16, 22, 24, 27, 28, 38, 39, 40, 41, 43, 50, 51, 52, 54, 56, 57, 59, 60, 62, 83, 91, 112, 114, 115, 116, 118, 121, 122, 124, 125, 127, 128, 130, 132, 153, 154, 155, 156, 158, 167, 168, 169, 171, 173, 174, 176, 186, 187, 188, 190, 193, 194, 196, 198, 199, 201, 222, 223, 224, 226, 229, 230, 231, 232, 233, 235, 236, 238, 239, 241, 243, 244, 246, 256, 257, 258, 260, 277, 278, 280, 282, 283, 291, 292, 294, 296, 319, 337, 339, 348, 349, 351, 353, 360, 361, 362, 363, 365, 402], "summary": {"covered_lines": 105, "num_statements": 135, "percent_covered": 77.77777777777777, "percent_covered_display": "78", "missing_lines": 30, "excluded_lines": 0}, "missing_lines": [117, 119, 191, 227, 234, 309, 310, 311, 315, 317, 384, 386, 387, 388, 389, 391, 392, 394, 395, 397, 398, 400, 409, 411, 415, 416, 418, 422, 423, 425], "excluded_lines": [], "functions": {"SensitiveWordService.__init__": {"executed_lines": [39, 40, 41], "summary": {"covered_lines": 3, "num_statements": 3, "percent_covered": 100.0, "percent_covered_display": "100", "missing_lines": 0, "excluded_lines": 0}, "missing_lines": [], "excluded_lines": []}, "SensitiveWordService.load_sensitive_words": {"executed_lines": [50, 51, 52, 54, 56, 57, 59, 60], "summary": {"covered_lines": 8, "num_statements": 8, "percent_covered": 100.0, "percent_covered_display": "100", "missing_lines": 0, "excluded_lines": 0}, "missing_lines": [], "excluded_lines": []}, "SensitiveWordService.list_sensitive_words": {"executed_lines": [83], "summary": {"covered_lines": 1, "num_statements": 1, "percent_covered": 100.0, "percent_covered_display": "100", "missing_lines": 0, "excluded_lines": 0}, "missing_lines": [], "excluded_lines": []}, "SensitiveWordService.get_sensitive_words": {"executed_lines": [112, 114, 115, 116, 118, 121, 122, 124, 125, 127, 128, 130], "summary": {"covered_lines": 12, "num_statements": 14, "percent_covered": 85.71428571428571, "percent_covered_display": "86", "missing_lines": 2, "excluded_lines": 0}, "missing_lines": [117, 119], "excluded_lines": []}, "SensitiveWordService.add_sensitive_word": {"executed_lines": [153, 154, 155, 156, 158, 167, 168, 169, 171, 173, 174], "summary": {"covered_lines": 11, "num_statements": 11, "percent_covered": 100.0, "percent_covered_display": "100", "missing_lines": 0, "excluded_lines": 0}, "missing_lines": [], "excluded_lines": []}, "SensitiveWordService.remove_sensitive_word": {"executed_lines": [186, 187, 188, 190, 193, 194, 196, 198, 199], "summary": {"covered_lines": 9, "num_statements": 10, "percent_covered": 90.0, "percent_covered_display": "90", "missing_lines": 1, "excluded_lines": 0}, "missing_lines": [191], "excluded_lines": []}, "SensitiveWordService.update_sensitive_word": {"executed_lines": [222, 223, 224, 226, 229, 230, 231, 232, 233, 235, 236, 238, 239, 241, 243, 244], "summary": {"covered_lines": 16, "num_statements": 18, "percent_covered": 88.88888888888889, "percent_covered_display": "89", "missing_lines": 2, "excluded_lines": 0}, "missing_lines": [227, 234], "excluded_lines": []}, "SensitiveWordService.get_word_by_text": {"executed_lines": [256, 257, 258], "summary": {"covered_lines": 3, "num_statements": 3, "percent_covered": 100.0, "percent_covered_display": "100", "missing_lines": 0, "excluded_lines": 0}, "missing_lines": [], "excluded_lines": []}, "SensitiveWordService.check_text": {"executed_lines": [277, 278, 280, 282, 283, 291, 292, 294], "summary": {"covered_lines": 8, "num_statements": 8, "percent_covered": 100.0, "percent_covered_display": "100", "missing_lines": 0, "excluded_lines": 0}, "missing_lines": [], "excluded_lines": []}, "SensitiveWordService.should_block_text": {"executed_lines": [], "summary": {"covered_lines": 0, "num_statements": 5, "percent_covered": 0.0, "percent_covered_display": "0", "missing_lines": 5, "excluded_lines": 0}, "missing_lines": [309, 310, 311, 315, 317], "excluded_lines": []}, "SensitiveWordService._log_hit": {"executed_lines": [337, 339, 348, 349, 351], "summary": {"covered_lines": 5, "num_statements": 5, "percent_covered": 100.0, "percent_covered_display": "100", "missing_lines": 0, "excluded_lines": 0}, "missing_lines": [], "excluded_lines": []}, "SensitiveWordService._increment_hit_count": {"executed_lines": [360, 361, 362, 363], "summary": {"covered_lines": 4, "num_statements": 4, "percent_covered": 100.0, "percent_covered_display": "100", "missing_lines": 0, "excluded_lines": 0}, "missing_lines": [], "excluded_lines": []}, "SensitiveWordService.get_hit_logs": {"executed_lines": [], "summary": {"covered_lines": 0, "num_statements": 12, "percent_covered": 0.0, "percent_covered_display": "0", "missing_lines": 12, "excluded_lines": 0}, "missing_lines": [384, 386, 387, 388, 389, 391, 392, 394, 395, 397, 398, 400], "excluded_lines": []}, "SensitiveWordService.get_stats": {"executed_lines": [], "summary": {"covered_lines": 0, "num_statements": 8, "percent_covered": 0.0, "percent_covered_display": "0", "missing_lines": 8, "excluded_lines": 0}, "missing_lines": [409, 411, 415, 416, 418, 422, 423, 425], "excluded_lines": []}, "": {"executed_lines": [1, 7, 8, 9, 10, 11, 13, 14, 16, 22, 24, 27, 28, 38, 43, 62, 91, 132, 176, 201, 246, 260, 296, 319, 353, 365, 402], "summary": {"covered_lines": 25, "num_statements": 25, "percent_covered": 100.0, "percent_covered_display": "100", "missing_lines": 0, "excluded_lines": 0}, "missing_lines": [], "excluded_lines": []}}, "classes": {"SensitiveWordService": {"executed_lines": [39, 40, 41, 50, 51, 52, 54, 56, 57, 59, 60, 83, 112, 114, 115, 116, 118, 121, 122, 124, 125, 127, 128, 130, 153, 154, 155, 156, 158, 167, 168, 169, 171, 173, 174, 186, 187, 188, 190, 193, 194, 196, 198, 199, 222, 223, 224, 226, 229, 230, 231, 232, 233, 235, 236, 238, 239, 241, 243, 244, 256, 257, 258, 277, 278, 280, 282, 283, 291, 292, 294, 337, 339, 348, 349, 351, 360, 361, 362, 363], "summary": {"covered_lines": 80, "num_statements": 110, "percent_covered": 72.72727272727273, "percent_covered_display": "73", "missing_lines": 30, "excluded_lines": 0}, "missing_lines": [117, 119, 191, 227, 234, 309, 310, 311, 315, 317, 384, 386, 387, 388, 389, 391, 392, 394, 395, 397, 398, 400, 409, 411, 415, 416, 418, 422, 423, 425], "excluded_lines": []}, "": {"executed_lines": [1, 7, 8, 9, 10, 11, 13, 14, 16, 22, 24, 27, 28, 38, 43, 62, 91, 132, 176, 201, 246, 260, 296, 319, 353, 365, 402], "summary": {"covered_lines": 25, "num_statements": 25, "percent_covered": 100.0, "percent_covered_display": "100", "missing_lines": 0, "excluded_lines": 0}, "missing_lines": [], "excluded_lines": []}}}, "app/services/sms_service.py": {"executed_lines": [1, 5, 6, 8, 9, 11, 14, 15, 18, 61], "summary": {"covered_lines": 9, "num_statements": 39, "percent_covered": 23.076923076923077, "percent_covered_display": "23", "missing_lines": 30, "excluded_lines": 0}, "missing_lines": [24, 26, 27, 30, 31, 32, 33, 39, 40, 41, 42, 48, 49, 51, 54, 55, 57, 58, 66, 68, 69, 71, 72, 74, 75, 76, 78, 79, 82, 83], "excluded_lines": [], "functions": {"send_verification_code": {"executed_lines": [], "summary": {"covered_lines": 0, "num_statements": 18, "percent_covered": 0.0, "percent_covered_display": "0", "missing_lines": 18, "excluded_lines": 0}, "missing_lines": [24, 26, 27, 30, 31, 32, 33, 39, 40, 41, 42, 48, 49, 51, 54, 55, 57, 58], "excluded_lines": []}, "verify_code": {"executed_lines": [], "summary": {"covered_lines": 0, "num_statements": 12, "percent_covered": 0.0, "percent_covered_display": "0", "missing_lines": 12, "excluded_lines": 0}, "missing_lines": [66, 68, 69, 71, 72, 74, 75, 76, 78, 79, 82, 83], "excluded_lines": []}, "": {"executed_lines": [1, 5, 6, 8, 9, 11, 14, 15, 18, 61], "summary": {"covered_lines": 9, "num_statements": 9, "percent_covered": 100.0, "percent_covered_display": "100", "missing_lines": 0, "excluded_lines": 0}, "missing_lines": [], "excluded_lines": []}}, "classes": {"": {"executed_lines": [1, 5, 6, 8, 9, 11, 14, 15, 18, 61], "summary": {"covered_lines": 9, "num_statements": 39, "percent_covered": 23.076923076923077, "percent_covered_display": "23", "missing_lines": 30, "excluded_lines": 0}, "missing_lines": [24, 26, 27, 30, 31, 32, 33, 39, 40, 41, 42, 48, 49, 51, 54, 55, 57, 58, 66, 68, 69, 71, 72, 74, 75, 76, 78, 79, 82, 83], "excluded_lines": []}}}, "app/services/wechat_pay.py": {"executed_lines": [1, 8, 9, 10, 11, 12, 14, 15, 16, 17, 19, 22, 23, 34, 54, 55, 56, 57, 62, 63, 65, 70, 75, 85, 90, 92, 113, 114, 116, 117, 119, 120, 122, 123, 124, 128, 130, 139, 162, 164, 179, 182, 183, 185, 191, 197, 201, 202, 204, 205, 207, 208, 210, 220, 284, 325, 381, 386, 388, 389], "summary": {"covered_lines": 58, "num_statements": 100, "percent_covered": 58.0, "percent_covered_display": "58", "missing_lines": 42, "excluded_lines": 0}, "missing_lines": [126, 180, 198, 199, 241, 243, 255, 256, 258, 259, 261, 267, 273, 274, 275, 277, 279, 299, 300, 302, 303, 305, 307, 309, 314, 319, 320, 321, 323, 344, 346, 347, 349, 360, 361, 363, 369, 375, 376, 377, 379, 383], "excluded_lines": [], "functions": {"WeChatPayService.__init__": {"executed_lines": [54, 55, 56, 57, 62, 63, 65, 70], "summary": {"covered_lines": 8, "num_statements": 8, "percent_covered": 100.0, "percent_covered_display": "100", "missing_lines": 0, "excluded_lines": 0}, "missing_lines": [], "excluded_lines": []}, "WeChatPayService._generate_signature": {"executed_lines": [85, 90], "summary": {"covered_lines": 2, "num_statements": 2, "percent_covered": 100.0, "percent_covered_display": "100", "missing_lines": 0, "excluded_lines": 0}, "missing_lines": [], "excluded_lines": []}, "WeChatPayService._generate_authorization": {"executed_lines": [113, 114, 116, 117, 119, 120, 122, 123, 124, 128, 130], "summary": {"covered_lines": 11, "num_statements": 12, "percent_covered": 91.66666666666667, "percent_covered_display": "92", "missing_lines": 1, "excluded_lines": 0}, "missing_lines": [126], "excluded_lines": []}, "WeChatPayService.create_jsapi_order": {"executed_lines": [162, 164, 179, 182, 183, 185, 191, 197, 201, 202, 204, 205, 207, 208, 210], "summary": {"covered_lines": 15, "num_statements": 18, "percent_covered": 83.33333333333333, "percent_covered_display": "83", "missing_lines": 3, "excluded_lines": 0}, "missing_lines": [180, 198, 199], "excluded_lines": []}, "WeChatPayService.create_native_order": {"executed_lines": [], "summary": {"covered_lines": 0, "num_statements": 13, "percent_covered": 0.0, "percent_covered_display": "0", "missing_lines": 13, "excluded_lines": 0}, "missing_lines": [241, 243, 255, 256, 258, 259, 261, 267, 273, 274, 275, 277, 279], "excluded_lines": []}, "WeChatPayService.query_order": {"executed_lines": [], "summary": {"covered_lines": 0, "num_statements": 12, "percent_covered": 0.0, "percent_covered_display": "0", "missing_lines": 12, "excluded_lines": 0}, "missing_lines": [299, 300, 302, 303, 305, 307, 309, 314, 319, 320, 321, 323], "excluded_lines": []}, "WeChatPayService.refund": {"executed_lines": [], "summary": {"covered_lines": 0, "num_statements": 12, "percent_covered": 0.0, "percent_covered_display": "0", "missing_lines": 12, "excluded_lines": 0}, "missing_lines": [344, 346, 347, 349, 360, 361, 363, 369, 375, 376, 377, 379], "excluded_lines": []}, "WeChatPayService.close": {"executed_lines": [], "summary": {"covered_lines": 0, "num_statements": 1, "percent_covered": 0.0, "percent_covered_display": "0", "missing_lines": 1, "excluded_lines": 0}, "missing_lines": [383], "excluded_lines": []}, "nonce_str": {"executed_lines": [388, 389], "summary": {"covered_lines": 2, "num_statements": 2, "percent_covered": 100.0, "percent_covered_display": "100", "missing_lines": 0, "excluded_lines": 0}, "missing_lines": [], "excluded_lines": []}, "": {"executed_lines": [1, 8, 9, 10, 11, 12, 14, 15, 16, 17, 19, 22, 23, 34, 75, 92, 139, 220, 284, 325, 381, 386], "summary": {"covered_lines": 20, "num_statements": 20, "percent_covered": 100.0, "percent_covered_display": "100", "missing_lines": 0, "excluded_lines": 0}, "missing_lines": [], "excluded_lines": []}}, "classes": {"WeChatPayService": {"executed_lines": [54, 55, 56, 57, 62, 63, 65, 70, 85, 90, 113, 114, 116, 117, 119, 120, 122, 123, 124, 128, 130, 162, 164, 179, 182, 183, 185, 191, 197, 201, 202, 204, 205, 207, 208, 210], "summary": {"covered_lines": 36, "num_statements": 78, "percent_covered": 46.15384615384615, "percent_covered_display": "46", "missing_lines": 42, "excluded_lines": 0}, "missing_lines": [126, 180, 198, 199, 241, 243, 255, 256, 258, 259, 261, 267, 273, 274, 275, 277, 279, 299, 300, 302, 303, 305, 307, 309, 314, 319, 320, 321, 323, 344, 346, 347, 349, 360, 361, 363, 369, 375, 376, 377, 379, 383], "excluded_lines": []}, "": {"executed_lines": [1, 8, 9, 10, 11, 12, 14, 15, 16, 17, 19, 22, 23, 34, 75, 92, 139, 220, 284, 325, 381, 386, 388, 389], "summary": {"covered_lines": 22, "num_statements": 22, "percent_covered": 100.0, "percent_covered_display": "100", "missing_lines": 0, "excluded_lines": 0}, "missing_lines": [], "excluded_lines": []}}}, "app/tasks/__init__.py": {"executed_lines": [], "summary": {"covered_lines": 0, "num_statements": 0, "percent_covered": 100.0, "percent_covered_display": "100", "missing_lines": 0, "excluded_lines": 0}, "missing_lines": [], "excluded_lines": [], "functions": {"": {"executed_lines": [], "summary": {"covered_lines": 0, "num_statements": 0, "percent_covered": 100.0, "percent_covered_display": "100", "missing_lines": 0, "excluded_lines": 0}, "missing_lines": [], "excluded_lines": []}}, "classes": {"": {"executed_lines": [], "summary": {"covered_lines": 0, "num_statements": 0, "percent_covered": 100.0, "percent_covered_display": "100", "missing_lines": 0, "excluded_lines": 0}, "missing_lines": [], "excluded_lines": []}}}, "app/tasks/celery_worker.py": {"executed_lines": [], "summary": {"covered_lines": 0, "num_statements": 4, "percent_covered": 0.0, "percent_covered_display": "0", "missing_lines": 4, "excluded_lines": 0}, "missing_lines": [1, 4, 5, 6], "excluded_lines": [], "functions": {"dummy_task": {"executed_lines": [], "summary": {"covered_lines": 0, "num_statements": 1, "percent_covered": 0.0, "percent_covered_display": "0", "missing_lines": 1, "excluded_lines": 0}, "missing_lines": [6], "excluded_lines": []}, "": {"executed_lines": [], "summary": {"covered_lines": 0, "num_statements": 3, "percent_covered": 0.0, "percent_covered_display": "0", "missing_lines": 3, "excluded_lines": 0}, "missing_lines": [1, 4, 5], "excluded_lines": []}}, "classes": {"": {"executed_lines": [], "summary": {"covered_lines": 0, "num_statements": 4, "percent_covered": 0.0, "percent_covered_display": "0", "missing_lines": 4, "excluded_lines": 0}, "missing_lines": [1, 4, 5, 6], "excluded_lines": []}}}}, "totals": {"covered_lines": 3408, "num_statements": 4342, "percent_covered": 78.48917549516352, "percent_covered_display": "78", "missing_lines": 934, "excluded_lines": 6}}